[0.013s] Invoking command in '/home/ryan/Documents/MIRS/Thesis/3Dreconstruction/build/event_3d_reconstruction': CMAKE_PREFIX_PATH=${CMAKE_PREFIX_PATH}:/opt/ros/jazzy:/home/ryan/workshop_ws/install/easynav_common:/home/ryan/workshop_ws/install/easynav_tools:/home/ryan/workshop_ws/install/easynav_support_py DEBUGINFOD_URLS=https://debuginfod.ubuntu.com /usr/bin/cmake --build /home/ryan/Documents/MIRS/Thesis/3Dreconstruction/build/event_3d_reconstruction -- -j16 -l16
[0.066s] [ 33%] Built target check_sync
[0.071s] [ 66%] Built target triangulate
[0.072s] [100%] Built target test_rec
[0.081s] Invoked command in '/home/ryan/Documents/MIRS/Thesis/3Dreconstruction/build/event_3d_reconstruction' returned '0': CMAKE_PREFIX_PATH=${CMAKE_PREFIX_PATH}:/opt/ros/jazzy:/home/ryan/workshop_ws/install/easynav_common:/home/ryan/workshop_ws/install/easynav_tools:/home/ryan/workshop_ws/install/easynav_support_py DEBUGINFOD_URLS=https://debuginfod.ubuntu.com /usr/bin/cmake --build /home/ryan/Documents/MIRS/Thesis/3Dreconstruction/build/event_3d_reconstruction -- -j16 -l16
[0.090s] Invoking command in '/home/ryan/Documents/MIRS/Thesis/3Dreconstruction/build/event_3d_reconstruction': CMAKE_PREFIX_PATH=${CMAKE_PREFIX_PATH}:/opt/ros/jazzy:/home/ryan/workshop_ws/install/easynav_common:/home/ryan/workshop_ws/install/easynav_tools:/home/ryan/workshop_ws/install/easynav_support_py DEBUGINFOD_URLS=https://debuginfod.ubuntu.com /usr/bin/cmake --install /home/ryan/Documents/MIRS/Thesis/3Dreconstruction/build/event_3d_reconstruction
[0.099s] -- Install configuration: ""
[0.099s] -- Execute custom install script
[0.099s] -- Up-to-date symlink: /home/ryan/Documents/MIRS/Thesis/3Dreconstruction/install/event_3d_reconstruction/lib/event_3d_reconstruction/test_rec
[0.100s] -- Up-to-date symlink: /home/ryan/Documents/MIRS/Thesis/3Dreconstruction/install/event_3d_reconstruction/lib/event_3d_reconstruction/triangulate
[0.100s] -- Up-to-date symlink: /home/ryan/Documents/MIRS/Thesis/3Dreconstruction/install/event_3d_reconstruction/lib/event_3d_reconstruction/check_sync
[0.100s] -- Up-to-date symlink: /home/ryan/Documents/MIRS/Thesis/3Dreconstruction/install/event_3d_reconstruction/share/ament_index/resource_index/package_run_dependencies/event_3d_reconstruction
[0.100s] -- Up-to-date symlink: /home/ryan/Documents/MIRS/Thesis/3Dreconstruction/install/event_3d_reconstruction/share/ament_index/resource_index/parent_prefix_path/event_3d_reconstruction
[0.100s] -- Up-to-date symlink: /home/ryan/Documents/MIRS/Thesis/3Dreconstruction/install/event_3d_reconstruction/share/event_3d_reconstruction/environment/ament_prefix_path.sh
[0.100s] -- Up-to-date symlink: /home/ryan/Documents/MIRS/Thesis/3Dreconstruction/install/event_3d_reconstruction/share/event_3d_reconstruction/environment/ament_prefix_path.dsv
[0.100s] -- Up-to-date symlink: /home/ryan/Documents/MIRS/Thesis/3Dreconstruction/install/event_3d_reconstruction/share/event_3d_reconstruction/environment/path.sh
[0.100s] -- Up-to-date symlink: /home/ryan/Documents/MIRS/Thesis/3Dreconstruction/install/event_3d_reconstruction/share/event_3d_reconstruction/environment/path.dsv
[0.100s] -- Up-to-date symlink: /home/ryan/Documents/MIRS/Thesis/3Dreconstruction/install/event_3d_reconstruction/share/event_3d_reconstruction/local_setup.bash
[0.100s] -- Up-to-date symlink: /home/ryan/Documents/MIRS/Thesis/3Dreconstruction/install/event_3d_reconstruction/share/event_3d_reconstruction/local_setup.sh
[0.100s] -- Up-to-date symlink: /home/ryan/Documents/MIRS/Thesis/3Dreconstruction/install/event_3d_reconstruction/share/event_3d_reconstruction/local_setup.zsh
[0.101s] -- Up-to-date symlink: /home/ryan/Documents/MIRS/Thesis/3Dreconstruction/install/event_3d_reconstruction/share/event_3d_reconstruction/local_setup.dsv
[0.101s] -- Symlinking: /home/ryan/Documents/MIRS/Thesis/3Dreconstruction/install/event_3d_reconstruction/share/event_3d_reconstruction/package.dsv
[0.110s] -- Up-to-date symlink: /home/ryan/Documents/MIRS/Thesis/3Dreconstruction/install/event_3d_reconstruction/share/ament_index/resource_index/packages/event_3d_reconstruction
[0.110s] -- Up-to-date symlink: /home/ryan/Documents/MIRS/Thesis/3Dreconstruction/install/event_3d_reconstruction/share/event_3d_reconstruction/cmake/event_3d_reconstructionConfig.cmake
[0.110s] -- Up-to-date symlink: /home/ryan/Documents/MIRS/Thesis/3Dreconstruction/install/event_3d_reconstruction/share/event_3d_reconstruction/cmake/event_3d_reconstructionConfig-version.cmake
[0.110s] -- Up-to-date symlink: /home/ryan/Documents/MIRS/Thesis/3Dreconstruction/install/event_3d_reconstruction/share/event_3d_reconstruction/package.xml
[0.112s] Invoked command in '/home/ryan/Documents/MIRS/Thesis/3Dreconstruction/build/event_3d_reconstruction' returned '0': CMAKE_PREFIX_PATH=${CMAKE_PREFIX_PATH}:/opt/ros/jazzy:/home/ryan/workshop_ws/install/easynav_common:/home/ryan/workshop_ws/install/easynav_tools:/home/ryan/workshop_ws/install/easynav_support_py DEBUGINFOD_URLS=https://debuginfod.ubuntu.com /usr/bin/cmake --install /home/ryan/Documents/MIRS/Thesis/3Dreconstruction/build/event_3d_reconstruction
