[0.020s] Invoking command in '/home/ryan/Documents/MIRS/Thesis/3Dreconstruction/build/esvo_core': DEBUGINFOD_URLS=https://debuginfod.ubuntu.com /usr/bin/cmake /home/ryan/Documents/MIRS/Thesis/3Dreconstruction/ESVO/esvo_core -DCATKIN_INSTALL_INTO_PREFIX_ROOT=0 -DCMAKE_INSTALL_PREFIX=/home/ryan/Documents/MIRS/Thesis/3Dreconstruction/install/esvo_core
[0.038s] [0mCMake Deprecation Warning at CMakeLists.txt:1 (cmake_minimum_required):
[0.038s]   Compatibility with CMake < 3.5 will be removed from a future version of
[0.038s]   CMake.
[0.038s] 
[0.038s]   Update the VERSION argument <min> value or use a ...<max> suffix to tell
[0.038s]   CMake that the project does not need compatibility with older versions.
[0.038s] 
[0.038s] [0m
[0.109s] -- The C compiler identification is GNU 13.3.0
[0.178s] -- The CXX compiler identification is GNU 13.3.0
[0.195s] -- Detecting C compiler ABI info
[0.270s] -- Detecting C compiler ABI info - done
[0.278s] -- Check for working C compiler: /usr/bin/cc - skipped
[0.278s] -- Detecting C compile features
[0.278s] -- Detecting C compile features - done
[0.287s] -- Detecting CXX compiler ABI info
[0.369s] -- Detecting CXX compiler ABI info - done
[0.379s] -- Check for working CXX compiler: /usr/bin/c++ - skipped
[0.380s] -- Detecting CXX compile features
[0.380s] -- Detecting CXX compile features - done
[0.397s] [31mCMake Error at CMakeLists.txt:9 (find_package):
[0.397s]   By not providing "Findcatkin_simple.cmake" in CMAKE_MODULE_PATH this
[0.397s]   project has asked CMake to find a package configuration file provided by
[0.397s]   "catkin_simple", but CMake did not find one.
[0.397s] 
[0.397s]   Could not find a package configuration file provided by "catkin_simple"
[0.397s]   with any of the following names:
[0.397s] 
[0.397s]     catkin_simpleConfig.cmake
[0.397s]     catkin_simple-config.cmake
[0.398s] 
[0.398s]   Add the installation prefix of "catkin_simple" to CMAKE_PREFIX_PATH or set
[0.398s]   "catkin_simple_DIR" to a directory containing one of the above files.  If
[0.398s]   "catkin_simple" provides a separate development package or SDK, be sure it
[0.398s]   has been installed.
[0.398s] 
[0.398s] [0m
[0.398s] -- Configuring incomplete, errors occurred!
[0.402s] Invoked command in '/home/ryan/Documents/MIRS/Thesis/3Dreconstruction/build/esvo_core' returned '1': DEBUGINFOD_URLS=https://debuginfod.ubuntu.com /usr/bin/cmake /home/ryan/Documents/MIRS/Thesis/3Dreconstruction/ESVO/esvo_core -DCATKIN_INSTALL_INTO_PREFIX_ROOT=0 -DCMAKE_INSTALL_PREFIX=/home/ryan/Documents/MIRS/Thesis/3Dreconstruction/install/esvo_core
