[0.013s] Invoking command in '/home/ryan/Documents/MIRS/Thesis/3Dreconstruction/build/event_3d_reconstruction': CMAKE_PREFIX_PATH=${CMAKE_PREFIX_PATH}:/opt/ros/jazzy:/home/ryan/workshop_ws/install/easynav_common:/home/ryan/workshop_ws/install/easynav_tools:/home/ryan/workshop_ws/install/easynav_support_py DEBUGINFOD_URLS=https://debuginfod.ubuntu.com /usr/bin/cmake /home/ryan/Documents/MIRS/Thesis/3Dreconstruction/src -DCMAKE_INSTALL_PREFIX=/home/ryan/Documents/MIRS/Thesis/3Dreconstruction/install/event_3d_reconstruction
[0.037s] -- Found ament_cmake: 2.5.6 (/opt/ros/jazzy/share/ament_cmake/cmake)
[0.212s] -- Override CMake install command with custom implementation using symlinks instead of copying resources
[0.224s] -- Found rclcpp: 28.1.18 (/opt/ros/jazzy/share/rclcpp/cmake)
[0.262s] -- Found rosidl_generator_c: 4.6.7 (/opt/ros/jazzy/share/rosidl_generator_c/cmake)
[0.272s] -- Found rosidl_generator_cpp: 4.6.7 (/opt/ros/jazzy/share/rosidl_generator_cpp/cmake)
[0.289s] -- Using all available rosidl_typesupport_c: rosidl_typesupport_fastrtps_c;rosidl_typesupport_introspection_c
[0.303s] -- Using all available rosidl_typesupport_cpp: rosidl_typesupport_fastrtps_cpp;rosidl_typesupport_introspection_cpp
[0.365s] -- Found rmw_implementation_cmake: 7.3.3 (/opt/ros/jazzy/share/rmw_implementation_cmake/cmake)
[0.368s] -- Found rmw_fastrtps_cpp: 8.4.3 (/opt/ros/jazzy/share/rmw_fastrtps_cpp/cmake)
[0.433s] -- Using RMW implementation 'rmw_fastrtps_cpp' as default
[0.488s] -- Found rosbag2_cpp: 0.26.10 (/opt/ros/jazzy/share/rosbag2_cpp/cmake)
[0.502s] -- Setting yaml-cpp_DIR to: '/opt/ros/jazzy/share/yaml_cpp_vendor/cmake/../../../opt/yaml_cpp_vendor/share/cmake/yaml-cpp'
[0.505s] -- Found event_camera_msgs: 2.0.1 (/opt/ros/jazzy/share/event_camera_msgs/cmake)
[0.533s] -- Found event_camera_codecs: 3.0.0 (/opt/ros/jazzy/share/event_camera_codecs/cmake)
[0.571s] [33mCMake Warning (dev) at /usr/lib/x86_64-linux-gnu/cmake/pcl/Modules/FindFLANN.cmake:45 (find_package):
[0.571s]   Policy CMP0144 is not set: find_package uses upper-case <PACKAGENAME>_ROOT
[0.571s]   variables.  Run "cmake --help-policy CMP0144" for policy details.  Use the
[0.571s]   cmake_policy command to set the policy and suppress this warning.
[0.571s] 
[0.571s]   CMake variable FLANN_ROOT is set to:
[0.571s] 
[0.571s]     /usr
[0.571s] 
[0.572s]   For compatibility, find_package is ignoring the variable, but code in a
[0.572s]   .cmake module might still use it.
[0.572s] Call Stack (most recent call first):
[0.572s]   /usr/lib/x86_64-linux-gnu/cmake/pcl/PCLConfig.cmake:261 (find_package)
[0.572s]   /usr/lib/x86_64-linux-gnu/cmake/pcl/PCLConfig.cmake:306 (find_flann)
[0.572s]   /usr/lib/x86_64-linux-gnu/cmake/pcl/PCLConfig.cmake:570 (find_external_library)
[0.572s]   CMakeLists.txt:48 (find_package)
[0.572s] This warning is for project developers.  Use -Wno-dev to suppress it.
[0.572s] [0m
[0.572s] -- Found flann version 1.9.2
[1.009s] -- OpenNI found (version: 1.5.4.0, include: /usr/include/ni, lib: /usr/lib/libOpenNI.so;libusb::libusb)
[1.015s] -- OpenNI2 found (version: 2.2.0.33, include: /usr/include/openni2, lib: /usr/lib/x86_64-linux-gnu/libOpenNI2.so;libusb::libusb)
[1.019s] -- Could NOT find Pcap (missing: PCAP_LIBRARIES PCAP_INCLUDE_DIRS) 
[1.019s] [0m** WARNING ** io features related to pcap will be disabled[0m
[1.446s] -- OpenNI found (version: 1.5.4.0, include: /usr/include/ni, lib: /usr/lib/libOpenNI.so;libusb::libusb)
[1.452s] -- OpenNI2 found (version: 2.2.0.33, include: /usr/include/openni2, lib: /usr/lib/x86_64-linux-gnu/libOpenNI2.so;libusb::libusb)
[1.830s] -- Found Qhull version 8.0.2
[2.211s] -- OpenNI found (version: 1.5.4.0, include: /usr/include/ni, lib: /usr/lib/libOpenNI.so;libusb::libusb)
[2.586s] -- looking for PCL_COMMON
[2.586s] -- looking for PCL_KDTREE
[2.586s] -- looking for PCL_OCTREE
[2.586s] -- looking for PCL_SEARCH
[2.587s] -- looking for PCL_SAMPLE_CONSENSUS
[2.587s] -- looking for PCL_FILTERS
[2.587s] -- looking for PCL_2D
[2.588s] -- looking for PCL_GEOMETRY
[2.588s] -- looking for PCL_IO
[2.588s] -- looking for PCL_FEATURES
[2.589s] -- looking for PCL_ML
[2.589s] -- looking for PCL_SEGMENTATION
[2.589s] -- looking for PCL_VISUALIZATION
[2.590s] -- looking for PCL_SURFACE
[2.590s] -- looking for PCL_REGISTRATION
[2.590s] -- looking for PCL_KEYPOINTS
[2.591s] -- looking for PCL_TRACKING
[2.591s] -- looking for PCL_RECOGNITION
[2.591s] -- looking for PCL_STEREO
[2.592s] -- looking for PCL_APPS
[2.592s] -- looking for PCL_IN_HAND_SCANNER
[2.592s] -- looking for PCL_MODELER
[2.593s] -- looking for PCL_POINT_CLOUD_EDITOR
[2.593s] -- looking for PCL_OUTOFCORE
[2.593s] -- looking for PCL_PEOPLE
[2.690s] -- Configuring done (2.7s)
[2.732s] -- Generating done (0.0s)
[2.738s] -- Build files have been written to: /home/ryan/Documents/MIRS/Thesis/3Dreconstruction/build/event_3d_reconstruction
