[0.013s] Invoking command in '/home/ryan/Documents/MIRS/Thesis/3Dreconstruction/build/event_3d_reconstruction': CMAKE_PREFIX_PATH=${CMAKE_PREFIX_PATH}:/opt/ros/jazzy:/home/ryan/workshop_ws/install/easynav_common:/home/ryan/workshop_ws/install/easynav_tools:/home/ryan/workshop_ws/install/easynav_support_py DEBUGINFOD_URLS=https://debuginfod.ubuntu.com PS1=(venv) \[\e]0;\u@\h: \w\a\]${debian_chroot:+($debian_chroot)}\[\033[01;32m\]\u@\h\[\033[00m\]:\[\033[01;34m\]\w\[\033[00m\]\$ VIRTUAL_ENV_PROMPT=(venv) /usr/bin/cmake --build /home/ryan/Documents/MIRS/Thesis/3Dreconstruction/build/event_3d_reconstruction -- -j16 -l16
[0.108s] [ 83%] [32mBuilding CXX object CMakeFiles/triangulate.dir/src/triangulate.cpp.o[0m
[0.109s] [ 83%] Built target test_rec
[0.109s] [ 83%] Built target check_sync
[7.008s] [100%] [32m[1mLinking CXX executable triangulate[0m
[7.198s] [100%] Built target triangulate
[7.209s] Invoked command in '/home/ryan/Documents/MIRS/Thesis/3Dreconstruction/build/event_3d_reconstruction' returned '0': CMAKE_PREFIX_PATH=${CMAKE_PREFIX_PATH}:/opt/ros/jazzy:/home/ryan/workshop_ws/install/easynav_common:/home/ryan/workshop_ws/install/easynav_tools:/home/ryan/workshop_ws/install/easynav_support_py DEBUGINFOD_URLS=https://debuginfod.ubuntu.com PS1=(venv) \[\e]0;\u@\h: \w\a\]${debian_chroot:+($debian_chroot)}\[\033[01;32m\]\u@\h\[\033[00m\]:\[\033[01;34m\]\w\[\033[00m\]\$ VIRTUAL_ENV_PROMPT=(venv) /usr/bin/cmake --build /home/ryan/Documents/MIRS/Thesis/3Dreconstruction/build/event_3d_reconstruction -- -j16 -l16
[7.224s] Invoking command in '/home/ryan/Documents/MIRS/Thesis/3Dreconstruction/build/event_3d_reconstruction': CMAKE_PREFIX_PATH=${CMAKE_PREFIX_PATH}:/opt/ros/jazzy:/home/ryan/workshop_ws/install/easynav_common:/home/ryan/workshop_ws/install/easynav_tools:/home/ryan/workshop_ws/install/easynav_support_py DEBUGINFOD_URLS=https://debuginfod.ubuntu.com PS1=(venv) \[\e]0;\u@\h: \w\a\]${debian_chroot:+($debian_chroot)}\[\033[01;32m\]\u@\h\[\033[00m\]:\[\033[01;34m\]\w\[\033[00m\]\$ VIRTUAL_ENV_PROMPT=(venv) /usr/bin/cmake --install /home/ryan/Documents/MIRS/Thesis/3Dreconstruction/build/event_3d_reconstruction
[7.236s] -- Install configuration: ""
[7.237s] -- Execute custom install script
[7.238s] -- Up-to-date symlink: /home/ryan/Documents/MIRS/Thesis/3Dreconstruction/install/event_3d_reconstruction/lib/event_3d_reconstruction/test_rec
[7.238s] -- Up-to-date symlink: /home/ryan/Documents/MIRS/Thesis/3Dreconstruction/install/event_3d_reconstruction/lib/event_3d_reconstruction/triangulate
[7.239s] -- Up-to-date symlink: /home/ryan/Documents/MIRS/Thesis/3Dreconstruction/install/event_3d_reconstruction/lib/event_3d_reconstruction/check_sync
[7.239s] -- Up-to-date symlink: /home/ryan/Documents/MIRS/Thesis/3Dreconstruction/install/event_3d_reconstruction/share/ament_index/resource_index/package_run_dependencies/event_3d_reconstruction
[7.239s] -- Up-to-date symlink: /home/ryan/Documents/MIRS/Thesis/3Dreconstruction/install/event_3d_reconstruction/share/ament_index/resource_index/parent_prefix_path/event_3d_reconstruction
[7.239s] -- Up-to-date symlink: /home/ryan/Documents/MIRS/Thesis/3Dreconstruction/install/event_3d_reconstruction/share/event_3d_reconstruction/environment/ament_prefix_path.sh
[7.239s] -- Up-to-date symlink: /home/ryan/Documents/MIRS/Thesis/3Dreconstruction/install/event_3d_reconstruction/share/event_3d_reconstruction/environment/ament_prefix_path.dsv
[7.239s] -- Up-to-date symlink: /home/ryan/Documents/MIRS/Thesis/3Dreconstruction/install/event_3d_reconstruction/share/event_3d_reconstruction/environment/path.sh
[7.240s] -- Up-to-date symlink: /home/ryan/Documents/MIRS/Thesis/3Dreconstruction/install/event_3d_reconstruction/share/event_3d_reconstruction/environment/path.dsv
[7.240s] -- Up-to-date symlink: /home/ryan/Documents/MIRS/Thesis/3Dreconstruction/install/event_3d_reconstruction/share/event_3d_reconstruction/local_setup.bash
[7.240s] -- Up-to-date symlink: /home/ryan/Documents/MIRS/Thesis/3Dreconstruction/install/event_3d_reconstruction/share/event_3d_reconstruction/local_setup.sh
[7.241s] -- Up-to-date symlink: /home/ryan/Documents/MIRS/Thesis/3Dreconstruction/install/event_3d_reconstruction/share/event_3d_reconstruction/local_setup.zsh
[7.241s] -- Up-to-date symlink: /home/ryan/Documents/MIRS/Thesis/3Dreconstruction/install/event_3d_reconstruction/share/event_3d_reconstruction/local_setup.dsv
[7.241s] -- Symlinking: /home/ryan/Documents/MIRS/Thesis/3Dreconstruction/install/event_3d_reconstruction/share/event_3d_reconstruction/package.dsv
[7.256s] -- Up-to-date symlink: /home/ryan/Documents/MIRS/Thesis/3Dreconstruction/install/event_3d_reconstruction/share/ament_index/resource_index/packages/event_3d_reconstruction
[7.256s] -- Up-to-date symlink: /home/ryan/Documents/MIRS/Thesis/3Dreconstruction/install/event_3d_reconstruction/share/event_3d_reconstruction/cmake/event_3d_reconstructionConfig.cmake
[7.257s] -- Up-to-date symlink: /home/ryan/Documents/MIRS/Thesis/3Dreconstruction/install/event_3d_reconstruction/share/event_3d_reconstruction/cmake/event_3d_reconstructionConfig-version.cmake
[7.257s] -- Up-to-date symlink: /home/ryan/Documents/MIRS/Thesis/3Dreconstruction/install/event_3d_reconstruction/share/event_3d_reconstruction/package.xml
[7.260s] Invoked command in '/home/ryan/Documents/MIRS/Thesis/3Dreconstruction/build/event_3d_reconstruction' returned '0': CMAKE_PREFIX_PATH=${CMAKE_PREFIX_PATH}:/opt/ros/jazzy:/home/ryan/workshop_ws/install/easynav_common:/home/ryan/workshop_ws/install/easynav_tools:/home/ryan/workshop_ws/install/easynav_support_py DEBUGINFOD_URLS=https://debuginfod.ubuntu.com PS1=(venv) \[\e]0;\u@\h: \w\a\]${debian_chroot:+($debian_chroot)}\[\033[01;32m\]\u@\h\[\033[00m\]:\[\033[01;34m\]\w\[\033[00m\]\$ VIRTUAL_ENV_PROMPT=(venv) /usr/bin/cmake --install /home/ryan/Documents/MIRS/Thesis/3Dreconstruction/build/event_3d_reconstruction
