[0.087s] DEBUG:colcon:Command line arguments: ['/usr/bin/colcon', 'build']
[0.087s] DEBUG:colcon:Parsed command line arguments: Namespace(log_base=None, log_level=None, verb_name='build', build_base='build', install_base='install', merge_install=False, symlink_install=False, test_result_base=None, continue_on_error=False, executor='parallel', parallel_workers=16, event_handlers=None, ignore_user_meta=False, metas=['./colcon.meta'], base_paths=['.'], packages_ignore=None, packages_ignore_regex=None, paths=None, packages_up_to=None, packages_up_to_regex=None, packages_above=None, packages_above_and_dependencies=None, packages_above_depth=None, packages_select_by_dep=None, packages_skip_by_dep=None, packages_skip_up_to=None, packages_select_build_failed=False, packages_skip_build_finished=False, packages_select_test_failures=False, packages_skip_test_passed=False, packages_select=None, packages_skip=None, packages_select_regex=None, packages_skip_regex=None, packages_start=None, packages_end=None, allow_overriding=[], cmake_args=None, cmake_target=None, cmake_target_skip_unavailable=False, cmake_clean_cache=False, cmake_clean_first=False, cmake_force_configure=False, ament_cmake_args=None, catkin_cmake_args=None, catkin_skip_building_tests=False, mixin_files=None, mixin=None, verb_parser=<colcon_mixin.mixin.mixin_argument.MixinArgumentDecorator object at 0x73f7165b3e60>, verb_extension=<colcon_core.verb.build.BuildVerb object at 0x73f7165b3b90>, main=<bound method BuildVerb.main of <colcon_core.verb.build.BuildVerb object at 0x73f7165b3b90>>, mixin_verb=('build',))
[0.114s] Level 1:colcon.colcon_core.package_discovery:discover_packages(colcon_meta) check parameters
[0.114s] Level 1:colcon.colcon_core.package_discovery:discover_packages(recursive) check parameters
[0.114s] Level 1:colcon.colcon_core.package_discovery:discover_packages(ignore) check parameters
[0.114s] Level 1:colcon.colcon_core.package_discovery:discover_packages(path) check parameters
[0.114s] Level 1:colcon.colcon_core.package_discovery:discover_packages(colcon_meta) discover
[0.114s] Level 1:colcon.colcon_core.package_discovery:discover_packages(recursive) discover
[0.114s] INFO:colcon.colcon_core.package_discovery:Crawling recursively for packages in '/home/ryan/Documents/MIRS/Thesis/3Dreconstruction'
[0.114s] Level 1:colcon.colcon_core.package_identification:_identify(.) by extensions ['ignore', 'ignore_ament_install']
[0.114s] Level 1:colcon.colcon_core.package_identification:_identify(.) by extension 'ignore'
[0.114s] Level 1:colcon.colcon_core.package_identification:_identify(.) by extension 'ignore_ament_install'
[0.114s] Level 1:colcon.colcon_core.package_identification:_identify(.) by extensions ['colcon_pkg']
[0.114s] Level 1:colcon.colcon_core.package_identification:_identify(.) by extension 'colcon_pkg'
[0.114s] Level 1:colcon.colcon_core.package_identification:_identify(.) by extensions ['colcon_meta']
[0.114s] Level 1:colcon.colcon_core.package_identification:_identify(.) by extension 'colcon_meta'
[0.114s] Level 1:colcon.colcon_core.package_identification:_identify(.) by extensions ['ros']
[0.114s] Level 1:colcon.colcon_core.package_identification:_identify(.) by extension 'ros'
[0.134s] Level 1:colcon.colcon_core.package_identification:_identify(.) by extensions ['cmake', 'python']
[0.134s] Level 1:colcon.colcon_core.package_identification:_identify(.) by extension 'cmake'
[0.134s] Level 1:colcon.colcon_core.package_identification:_identify(.) by extension 'python'
[0.134s] Level 1:colcon.colcon_core.package_identification:_identify(.) by extensions ['python_setup_py']
[0.134s] Level 1:colcon.colcon_core.package_identification:_identify(.) by extension 'python_setup_py'
[0.134s] Level 1:colcon.colcon_core.package_identification:_identify(build) by extensions ['ignore', 'ignore_ament_install']
[0.134s] Level 1:colcon.colcon_core.package_identification:_identify(build) by extension 'ignore'
[0.134s] Level 1:colcon.colcon_core.package_identification:_identify(build) ignored
[0.134s] Level 1:colcon.colcon_core.package_identification:_identify(calib_data) by extensions ['ignore', 'ignore_ament_install']
[0.134s] Level 1:colcon.colcon_core.package_identification:_identify(calib_data) by extension 'ignore'
[0.134s] Level 1:colcon.colcon_core.package_identification:_identify(calib_data) by extension 'ignore_ament_install'
[0.134s] Level 1:colcon.colcon_core.package_identification:_identify(calib_data) by extensions ['colcon_pkg']
[0.134s] Level 1:colcon.colcon_core.package_identification:_identify(calib_data) by extension 'colcon_pkg'
[0.134s] Level 1:colcon.colcon_core.package_identification:_identify(calib_data) by extensions ['colcon_meta']
[0.134s] Level 1:colcon.colcon_core.package_identification:_identify(calib_data) by extension 'colcon_meta'
[0.135s] Level 1:colcon.colcon_core.package_identification:_identify(calib_data) by extensions ['ros']
[0.135s] Level 1:colcon.colcon_core.package_identification:_identify(calib_data) by extension 'ros'
[0.135s] Level 1:colcon.colcon_core.package_identification:_identify(calib_data) by extensions ['cmake', 'python']
[0.135s] Level 1:colcon.colcon_core.package_identification:_identify(calib_data) by extension 'cmake'
[0.135s] Level 1:colcon.colcon_core.package_identification:_identify(calib_data) by extension 'python'
[0.135s] Level 1:colcon.colcon_core.package_identification:_identify(calib_data) by extensions ['python_setup_py']
[0.135s] Level 1:colcon.colcon_core.package_identification:_identify(calib_data) by extension 'python_setup_py'
[0.135s] Level 1:colcon.colcon_core.package_identification:_identify(datasets) by extensions ['ignore', 'ignore_ament_install']
[0.135s] Level 1:colcon.colcon_core.package_identification:_identify(datasets) by extension 'ignore'
[0.135s] Level 1:colcon.colcon_core.package_identification:_identify(datasets) by extension 'ignore_ament_install'
[0.135s] Level 1:colcon.colcon_core.package_identification:_identify(datasets) by extensions ['colcon_pkg']
[0.135s] Level 1:colcon.colcon_core.package_identification:_identify(datasets) by extension 'colcon_pkg'
[0.135s] Level 1:colcon.colcon_core.package_identification:_identify(datasets) by extensions ['colcon_meta']
[0.135s] Level 1:colcon.colcon_core.package_identification:_identify(datasets) by extension 'colcon_meta'
[0.135s] Level 1:colcon.colcon_core.package_identification:_identify(datasets) by extensions ['ros']
[0.135s] Level 1:colcon.colcon_core.package_identification:_identify(datasets) by extension 'ros'
[0.135s] Level 1:colcon.colcon_core.package_identification:_identify(datasets) by extensions ['cmake', 'python']
[0.135s] Level 1:colcon.colcon_core.package_identification:_identify(datasets) by extension 'cmake'
[0.135s] Level 1:colcon.colcon_core.package_identification:_identify(datasets) by extension 'python'
[0.135s] Level 1:colcon.colcon_core.package_identification:_identify(datasets) by extensions ['python_setup_py']
[0.135s] Level 1:colcon.colcon_core.package_identification:_identify(datasets) by extension 'python_setup_py'
[0.135s] Level 1:colcon.colcon_core.package_identification:_identify(datasets/laser6) by extensions ['ignore', 'ignore_ament_install']
[0.135s] Level 1:colcon.colcon_core.package_identification:_identify(datasets/laser6) by extension 'ignore'
[0.135s] Level 1:colcon.colcon_core.package_identification:_identify(datasets/laser6) by extension 'ignore_ament_install'
[0.135s] Level 1:colcon.colcon_core.package_identification:_identify(datasets/laser6) by extensions ['colcon_pkg']
[0.135s] Level 1:colcon.colcon_core.package_identification:_identify(datasets/laser6) by extension 'colcon_pkg'
[0.135s] Level 1:colcon.colcon_core.package_identification:_identify(datasets/laser6) by extensions ['colcon_meta']
[0.135s] Level 1:colcon.colcon_core.package_identification:_identify(datasets/laser6) by extension 'colcon_meta'
[0.135s] Level 1:colcon.colcon_core.package_identification:_identify(datasets/laser6) by extensions ['ros']
[0.135s] Level 1:colcon.colcon_core.package_identification:_identify(datasets/laser6) by extension 'ros'
[0.135s] Level 1:colcon.colcon_core.package_identification:_identify(datasets/laser6) by extensions ['cmake', 'python']
[0.135s] Level 1:colcon.colcon_core.package_identification:_identify(datasets/laser6) by extension 'cmake'
[0.135s] Level 1:colcon.colcon_core.package_identification:_identify(datasets/laser6) by extension 'python'
[0.135s] Level 1:colcon.colcon_core.package_identification:_identify(datasets/laser6) by extensions ['python_setup_py']
[0.135s] Level 1:colcon.colcon_core.package_identification:_identify(datasets/laser6) by extension 'python_setup_py'
[0.135s] Level 1:colcon.colcon_core.package_identification:_identify(datasets/laser7) by extensions ['ignore', 'ignore_ament_install']
[0.135s] Level 1:colcon.colcon_core.package_identification:_identify(datasets/laser7) by extension 'ignore'
[0.135s] Level 1:colcon.colcon_core.package_identification:_identify(datasets/laser7) by extension 'ignore_ament_install'
[0.136s] Level 1:colcon.colcon_core.package_identification:_identify(datasets/laser7) by extensions ['colcon_pkg']
[0.136s] Level 1:colcon.colcon_core.package_identification:_identify(datasets/laser7) by extension 'colcon_pkg'
[0.136s] Level 1:colcon.colcon_core.package_identification:_identify(datasets/laser7) by extensions ['colcon_meta']
[0.136s] Level 1:colcon.colcon_core.package_identification:_identify(datasets/laser7) by extension 'colcon_meta'
[0.136s] Level 1:colcon.colcon_core.package_identification:_identify(datasets/laser7) by extensions ['ros']
[0.136s] Level 1:colcon.colcon_core.package_identification:_identify(datasets/laser7) by extension 'ros'
[0.136s] Level 1:colcon.colcon_core.package_identification:_identify(datasets/laser7) by extensions ['cmake', 'python']
[0.136s] Level 1:colcon.colcon_core.package_identification:_identify(datasets/laser7) by extension 'cmake'
[0.136s] Level 1:colcon.colcon_core.package_identification:_identify(datasets/laser7) by extension 'python'
[0.136s] Level 1:colcon.colcon_core.package_identification:_identify(datasets/laser7) by extensions ['python_setup_py']
[0.136s] Level 1:colcon.colcon_core.package_identification:_identify(datasets/laser7) by extension 'python_setup_py'
[0.136s] Level 1:colcon.colcon_core.package_identification:_identify(datasets/new_dataset) by extensions ['ignore', 'ignore_ament_install']
[0.136s] Level 1:colcon.colcon_core.package_identification:_identify(datasets/new_dataset) by extension 'ignore'
[0.136s] Level 1:colcon.colcon_core.package_identification:_identify(datasets/new_dataset) by extension 'ignore_ament_install'
[0.136s] Level 1:colcon.colcon_core.package_identification:_identify(datasets/new_dataset) by extensions ['colcon_pkg']
[0.136s] Level 1:colcon.colcon_core.package_identification:_identify(datasets/new_dataset) by extension 'colcon_pkg'
[0.136s] Level 1:colcon.colcon_core.package_identification:_identify(datasets/new_dataset) by extensions ['colcon_meta']
[0.136s] Level 1:colcon.colcon_core.package_identification:_identify(datasets/new_dataset) by extension 'colcon_meta'
[0.136s] Level 1:colcon.colcon_core.package_identification:_identify(datasets/new_dataset) by extensions ['ros']
[0.136s] Level 1:colcon.colcon_core.package_identification:_identify(datasets/new_dataset) by extension 'ros'
[0.136s] Level 1:colcon.colcon_core.package_identification:_identify(datasets/new_dataset) by extensions ['cmake', 'python']
[0.136s] Level 1:colcon.colcon_core.package_identification:_identify(datasets/new_dataset) by extension 'cmake'
[0.136s] Level 1:colcon.colcon_core.package_identification:_identify(datasets/new_dataset) by extension 'python'
[0.136s] Level 1:colcon.colcon_core.package_identification:_identify(datasets/new_dataset) by extensions ['python_setup_py']
[0.136s] Level 1:colcon.colcon_core.package_identification:_identify(datasets/new_dataset) by extension 'python_setup_py'
[0.136s] Level 1:colcon.colcon_core.package_identification:_identify(datasets/new_dataset_fast) by extensions ['ignore', 'ignore_ament_install']
[0.136s] Level 1:colcon.colcon_core.package_identification:_identify(datasets/new_dataset_fast) by extension 'ignore'
[0.136s] Level 1:colcon.colcon_core.package_identification:_identify(datasets/new_dataset_fast) by extension 'ignore_ament_install'
[0.136s] Level 1:colcon.colcon_core.package_identification:_identify(datasets/new_dataset_fast) by extensions ['colcon_pkg']
[0.136s] Level 1:colcon.colcon_core.package_identification:_identify(datasets/new_dataset_fast) by extension 'colcon_pkg'
[0.136s] Level 1:colcon.colcon_core.package_identification:_identify(datasets/new_dataset_fast) by extensions ['colcon_meta']
[0.136s] Level 1:colcon.colcon_core.package_identification:_identify(datasets/new_dataset_fast) by extension 'colcon_meta'
[0.136s] Level 1:colcon.colcon_core.package_identification:_identify(datasets/new_dataset_fast) by extensions ['ros']
[0.136s] Level 1:colcon.colcon_core.package_identification:_identify(datasets/new_dataset_fast) by extension 'ros'
[0.136s] Level 1:colcon.colcon_core.package_identification:_identify(datasets/new_dataset_fast) by extensions ['cmake', 'python']
[0.136s] Level 1:colcon.colcon_core.package_identification:_identify(datasets/new_dataset_fast) by extension 'cmake'
[0.136s] Level 1:colcon.colcon_core.package_identification:_identify(datasets/new_dataset_fast) by extension 'python'
[0.136s] Level 1:colcon.colcon_core.package_identification:_identify(datasets/new_dataset_fast) by extensions ['python_setup_py']
[0.136s] Level 1:colcon.colcon_core.package_identification:_identify(datasets/new_dataset_fast) by extension 'python_setup_py'
[0.136s] Level 1:colcon.colcon_core.package_identification:_identify(install) by extensions ['ignore', 'ignore_ament_install']
[0.137s] Level 1:colcon.colcon_core.package_identification:_identify(install) by extension 'ignore'
[0.137s] Level 1:colcon.colcon_core.package_identification:_identify(install) ignored
[0.137s] Level 1:colcon.colcon_core.package_identification:_identify(log) by extensions ['ignore', 'ignore_ament_install']
[0.137s] Level 1:colcon.colcon_core.package_identification:_identify(log) by extension 'ignore'
[0.137s] Level 1:colcon.colcon_core.package_identification:_identify(log) ignored
[0.137s] Level 1:colcon.colcon_core.package_identification:_identify(src) by extensions ['ignore', 'ignore_ament_install']
[0.137s] Level 1:colcon.colcon_core.package_identification:_identify(src) by extension 'ignore'
[0.137s] Level 1:colcon.colcon_core.package_identification:_identify(src) by extension 'ignore_ament_install'
[0.137s] Level 1:colcon.colcon_core.package_identification:_identify(src) by extensions ['colcon_pkg']
[0.137s] Level 1:colcon.colcon_core.package_identification:_identify(src) by extension 'colcon_pkg'
[0.137s] Level 1:colcon.colcon_core.package_identification:_identify(src) by extensions ['colcon_meta']
[0.137s] Level 1:colcon.colcon_core.package_identification:_identify(src) by extension 'colcon_meta'
[0.137s] Level 1:colcon.colcon_core.package_identification:_identify(src) by extensions ['ros']
[0.137s] Level 1:colcon.colcon_core.package_identification:_identify(src) by extension 'ros'
[0.139s] DEBUG:colcon.colcon_core.package_identification:Package 'src' with type 'ros.ament_cmake' and name 'event_3d_reconstruction'
[0.139s] Level 1:colcon.colcon_core.package_identification:_identify(venv) by extensions ['ignore', 'ignore_ament_install']
[0.139s] Level 1:colcon.colcon_core.package_identification:_identify(venv) by extension 'ignore'
[0.139s] Level 1:colcon.colcon_core.package_identification:_identify(venv) ignored
[0.139s] Level 1:colcon.colcon_core.package_discovery:discover_packages(recursive) using defaults
[0.139s] Level 1:colcon.colcon_core.package_discovery:discover_packages(ignore) discover
[0.139s] Level 1:colcon.colcon_core.package_discovery:discover_packages(ignore) using defaults
[0.139s] Level 1:colcon.colcon_core.package_discovery:discover_packages(path) discover
[0.139s] Level 1:colcon.colcon_core.package_discovery:discover_packages(path) using defaults
[0.152s] Level 1:colcon.colcon_core.package_discovery:discover_packages(prefix_path) check parameters
[0.152s] Level 1:colcon.colcon_core.package_discovery:discover_packages(prefix_path) discover
[0.155s] DEBUG:colcon.colcon_installed_package_information.package_discovery:Found 57 installed packages in /home/ryan/workshop_ws/install
[0.156s] DEBUG:colcon.colcon_installed_package_information.package_discovery:Found 293 installed packages in /opt/ros/jazzy
[0.157s] Level 1:colcon.colcon_core.package_discovery:discover_packages(prefix_path) using defaults
[0.184s] Level 5:colcon.colcon_core.verb:set package 'event_3d_reconstruction' build argument 'cmake_args' from command line to 'None'
[0.184s] Level 5:colcon.colcon_core.verb:set package 'event_3d_reconstruction' build argument 'cmake_target' from command line to 'None'
[0.184s] Level 5:colcon.colcon_core.verb:set package 'event_3d_reconstruction' build argument 'cmake_target_skip_unavailable' from command line to 'False'
[0.184s] Level 5:colcon.colcon_core.verb:set package 'event_3d_reconstruction' build argument 'cmake_clean_cache' from command line to 'False'
[0.184s] Level 5:colcon.colcon_core.verb:set package 'event_3d_reconstruction' build argument 'cmake_clean_first' from command line to 'False'
[0.184s] Level 5:colcon.colcon_core.verb:set package 'event_3d_reconstruction' build argument 'cmake_force_configure' from command line to 'False'
[0.184s] Level 5:colcon.colcon_core.verb:set package 'event_3d_reconstruction' build argument 'ament_cmake_args' from command line to 'None'
[0.184s] Level 5:colcon.colcon_core.verb:set package 'event_3d_reconstruction' build argument 'catkin_cmake_args' from command line to 'None'
[0.184s] Level 5:colcon.colcon_core.verb:set package 'event_3d_reconstruction' build argument 'catkin_skip_building_tests' from command line to 'False'
[0.184s] DEBUG:colcon.colcon_core.verb:Building package 'event_3d_reconstruction' with the following arguments: {'ament_cmake_args': None, 'build_base': '/home/ryan/Documents/MIRS/Thesis/3Dreconstruction/build/event_3d_reconstruction', 'catkin_cmake_args': None, 'catkin_skip_building_tests': False, 'cmake_args': None, 'cmake_clean_cache': False, 'cmake_clean_first': False, 'cmake_force_configure': False, 'cmake_target': None, 'cmake_target_skip_unavailable': False, 'install_base': '/home/ryan/Documents/MIRS/Thesis/3Dreconstruction/install/event_3d_reconstruction', 'merge_install': False, 'path': '/home/ryan/Documents/MIRS/Thesis/3Dreconstruction/src', 'symlink_install': False, 'test_result_base': None}
[0.184s] INFO:colcon.colcon_core.executor:Executing jobs using 'parallel' executor
[0.185s] DEBUG:colcon.colcon_parallel_executor.executor.parallel:run_until_complete
[0.185s] INFO:colcon.colcon_ros.task.ament_cmake.build:Building ROS package in '/home/ryan/Documents/MIRS/Thesis/3Dreconstruction/src' with build type 'ament_cmake'
[0.185s] INFO:colcon.colcon_cmake.task.cmake.build:Building CMake package in '/home/ryan/Documents/MIRS/Thesis/3Dreconstruction/src'
[0.187s] INFO:colcon.colcon_core.plugin_system:Skipping extension 'colcon_core.shell.bat': Not used on non-Windows systems
[0.187s] INFO:colcon.colcon_core.shell:Skip shell extension 'powershell' for command environment: Not usable outside of PowerShell
[0.187s] DEBUG:colcon.colcon_core.shell:Skip shell extension 'dsv' for command environment
[0.196s] DEBUG:colcon.colcon_core.event_handler.log_command:Invoking command in '/home/ryan/Documents/MIRS/Thesis/3Dreconstruction/build/event_3d_reconstruction': CMAKE_PREFIX_PATH=${CMAKE_PREFIX_PATH}:/opt/ros/jazzy:/home/ryan/workshop_ws/install/easynav_common:/home/ryan/workshop_ws/install/easynav_tools:/home/ryan/workshop_ws/install/easynav_support_py DEBUGINFOD_URLS=https://debuginfod.ubuntu.com PS1=(venv) \[\e]0;\u@\h: \w\a\]${debian_chroot:+($debian_chroot)}\[\033[01;32m\]\u@\h\[\033[00m\]:\[\033[01;34m\]\w\[\033[00m\]\$ VIRTUAL_ENV_PROMPT=(venv) /usr/bin/cmake --build /home/ryan/Documents/MIRS/Thesis/3Dreconstruction/build/event_3d_reconstruction -- -j16 -l16
[0.273s] DEBUG:colcon.colcon_core.event_handler.log_command:Invoked command in '/home/ryan/Documents/MIRS/Thesis/3Dreconstruction/build/event_3d_reconstruction' returned '0': CMAKE_PREFIX_PATH=${CMAKE_PREFIX_PATH}:/opt/ros/jazzy:/home/ryan/workshop_ws/install/easynav_common:/home/ryan/workshop_ws/install/easynav_tools:/home/ryan/workshop_ws/install/easynav_support_py DEBUGINFOD_URLS=https://debuginfod.ubuntu.com PS1=(venv) \[\e]0;\u@\h: \w\a\]${debian_chroot:+($debian_chroot)}\[\033[01;32m\]\u@\h\[\033[00m\]:\[\033[01;34m\]\w\[\033[00m\]\$ VIRTUAL_ENV_PROMPT=(venv) /usr/bin/cmake --build /home/ryan/Documents/MIRS/Thesis/3Dreconstruction/build/event_3d_reconstruction -- -j16 -l16
[0.283s] DEBUG:colcon.colcon_core.event_handler.log_command:Invoking command in '/home/ryan/Documents/MIRS/Thesis/3Dreconstruction/build/event_3d_reconstruction': CMAKE_PREFIX_PATH=${CMAKE_PREFIX_PATH}:/opt/ros/jazzy:/home/ryan/workshop_ws/install/easynav_common:/home/ryan/workshop_ws/install/easynav_tools:/home/ryan/workshop_ws/install/easynav_support_py DEBUGINFOD_URLS=https://debuginfod.ubuntu.com PS1=(venv) \[\e]0;\u@\h: \w\a\]${debian_chroot:+($debian_chroot)}\[\033[01;32m\]\u@\h\[\033[00m\]:\[\033[01;34m\]\w\[\033[00m\]\$ VIRTUAL_ENV_PROMPT=(venv) /usr/bin/cmake --install /home/ryan/Documents/MIRS/Thesis/3Dreconstruction/build/event_3d_reconstruction
[0.300s] Level 1:colcon.colcon_core.environment:create_environment_scripts_only(event_3d_reconstruction)
[0.301s] DEBUG:colcon.colcon_core.event_handler.log_command:Invoked command in '/home/ryan/Documents/MIRS/Thesis/3Dreconstruction/build/event_3d_reconstruction' returned '0': CMAKE_PREFIX_PATH=${CMAKE_PREFIX_PATH}:/opt/ros/jazzy:/home/ryan/workshop_ws/install/easynav_common:/home/ryan/workshop_ws/install/easynav_tools:/home/ryan/workshop_ws/install/easynav_support_py DEBUGINFOD_URLS=https://debuginfod.ubuntu.com PS1=(venv) \[\e]0;\u@\h: \w\a\]${debian_chroot:+($debian_chroot)}\[\033[01;32m\]\u@\h\[\033[00m\]:\[\033[01;34m\]\w\[\033[00m\]\$ VIRTUAL_ENV_PROMPT=(venv) /usr/bin/cmake --install /home/ryan/Documents/MIRS/Thesis/3Dreconstruction/build/event_3d_reconstruction
[0.302s] Level 1:colcon.colcon_core.environment:checking '/home/ryan/Documents/MIRS/Thesis/3Dreconstruction/install/event_3d_reconstruction' for CMake module files
[0.302s] Level 1:colcon.colcon_core.environment:checking '/home/ryan/Documents/MIRS/Thesis/3Dreconstruction/install/event_3d_reconstruction' for CMake config files
[0.302s] Level 1:colcon.colcon_core.shell:create_environment_hook('event_3d_reconstruction', 'cmake_prefix_path')
[0.303s] INFO:colcon.colcon_core.shell:Creating environment hook '/home/ryan/Documents/MIRS/Thesis/3Dreconstruction/install/event_3d_reconstruction/share/event_3d_reconstruction/hook/cmake_prefix_path.ps1'
[0.303s] INFO:colcon.colcon_core.shell:Creating environment descriptor '/home/ryan/Documents/MIRS/Thesis/3Dreconstruction/install/event_3d_reconstruction/share/event_3d_reconstruction/hook/cmake_prefix_path.dsv'
[0.303s] INFO:colcon.colcon_core.shell:Creating environment hook '/home/ryan/Documents/MIRS/Thesis/3Dreconstruction/install/event_3d_reconstruction/share/event_3d_reconstruction/hook/cmake_prefix_path.sh'
[0.304s] Level 1:colcon.colcon_core.environment:checking '/home/ryan/Documents/MIRS/Thesis/3Dreconstruction/install/event_3d_reconstruction/lib'
[0.304s] Level 1:colcon.colcon_core.environment:checking '/home/ryan/Documents/MIRS/Thesis/3Dreconstruction/install/event_3d_reconstruction/bin'
[0.304s] Level 1:colcon.colcon_core.environment:checking '/home/ryan/Documents/MIRS/Thesis/3Dreconstruction/install/event_3d_reconstruction/lib/pkgconfig/event_3d_reconstruction.pc'
[0.304s] Level 1:colcon.colcon_core.environment:checking '/home/ryan/Documents/MIRS/Thesis/3Dreconstruction/install/event_3d_reconstruction/lib/python3.12/site-packages'
[0.304s] Level 1:colcon.colcon_core.environment:checking '/home/ryan/Documents/MIRS/Thesis/3Dreconstruction/install/event_3d_reconstruction/bin'
[0.304s] INFO:colcon.colcon_core.shell:Creating package script '/home/ryan/Documents/MIRS/Thesis/3Dreconstruction/install/event_3d_reconstruction/share/event_3d_reconstruction/package.ps1'
[0.305s] INFO:colcon.colcon_core.shell:Creating package descriptor '/home/ryan/Documents/MIRS/Thesis/3Dreconstruction/install/event_3d_reconstruction/share/event_3d_reconstruction/package.dsv'
[0.305s] INFO:colcon.colcon_core.shell:Creating package script '/home/ryan/Documents/MIRS/Thesis/3Dreconstruction/install/event_3d_reconstruction/share/event_3d_reconstruction/package.sh'
[0.306s] INFO:colcon.colcon_core.shell:Creating package script '/home/ryan/Documents/MIRS/Thesis/3Dreconstruction/install/event_3d_reconstruction/share/event_3d_reconstruction/package.bash'
[0.306s] INFO:colcon.colcon_core.shell:Creating package script '/home/ryan/Documents/MIRS/Thesis/3Dreconstruction/install/event_3d_reconstruction/share/event_3d_reconstruction/package.zsh'
[0.306s] Level 1:colcon.colcon_core.environment:create_file_with_runtime_dependencies(/home/ryan/Documents/MIRS/Thesis/3Dreconstruction/install/event_3d_reconstruction/share/colcon-core/packages/event_3d_reconstruction)
[0.307s] Level 1:colcon.colcon_core.environment:create_environment_scripts_only(event_3d_reconstruction)
[0.307s] Level 1:colcon.colcon_core.environment:checking '/home/ryan/Documents/MIRS/Thesis/3Dreconstruction/install/event_3d_reconstruction' for CMake module files
[0.307s] Level 1:colcon.colcon_core.environment:checking '/home/ryan/Documents/MIRS/Thesis/3Dreconstruction/install/event_3d_reconstruction' for CMake config files
[0.307s] Level 1:colcon.colcon_core.shell:create_environment_hook('event_3d_reconstruction', 'cmake_prefix_path')
[0.307s] INFO:colcon.colcon_core.shell:Creating environment hook '/home/ryan/Documents/MIRS/Thesis/3Dreconstruction/install/event_3d_reconstruction/share/event_3d_reconstruction/hook/cmake_prefix_path.ps1'
[0.307s] INFO:colcon.colcon_core.shell:Creating environment descriptor '/home/ryan/Documents/MIRS/Thesis/3Dreconstruction/install/event_3d_reconstruction/share/event_3d_reconstruction/hook/cmake_prefix_path.dsv'
[0.308s] INFO:colcon.colcon_core.shell:Creating environment hook '/home/ryan/Documents/MIRS/Thesis/3Dreconstruction/install/event_3d_reconstruction/share/event_3d_reconstruction/hook/cmake_prefix_path.sh'
[0.308s] Level 1:colcon.colcon_core.environment:checking '/home/ryan/Documents/MIRS/Thesis/3Dreconstruction/install/event_3d_reconstruction/lib'
[0.308s] Level 1:colcon.colcon_core.environment:checking '/home/ryan/Documents/MIRS/Thesis/3Dreconstruction/install/event_3d_reconstruction/bin'
[0.308s] Level 1:colcon.colcon_core.environment:checking '/home/ryan/Documents/MIRS/Thesis/3Dreconstruction/install/event_3d_reconstruction/lib/pkgconfig/event_3d_reconstruction.pc'
[0.308s] Level 1:colcon.colcon_core.environment:checking '/home/ryan/Documents/MIRS/Thesis/3Dreconstruction/install/event_3d_reconstruction/lib/python3.12/site-packages'
[0.308s] Level 1:colcon.colcon_core.environment:checking '/home/ryan/Documents/MIRS/Thesis/3Dreconstruction/install/event_3d_reconstruction/bin'
[0.309s] INFO:colcon.colcon_core.shell:Creating package script '/home/ryan/Documents/MIRS/Thesis/3Dreconstruction/install/event_3d_reconstruction/share/event_3d_reconstruction/package.ps1'
[0.309s] INFO:colcon.colcon_core.shell:Creating package descriptor '/home/ryan/Documents/MIRS/Thesis/3Dreconstruction/install/event_3d_reconstruction/share/event_3d_reconstruction/package.dsv'
[0.309s] INFO:colcon.colcon_core.shell:Creating package script '/home/ryan/Documents/MIRS/Thesis/3Dreconstruction/install/event_3d_reconstruction/share/event_3d_reconstruction/package.sh'
[0.309s] INFO:colcon.colcon_core.shell:Creating package script '/home/ryan/Documents/MIRS/Thesis/3Dreconstruction/install/event_3d_reconstruction/share/event_3d_reconstruction/package.bash'
[0.310s] INFO:colcon.colcon_core.shell:Creating package script '/home/ryan/Documents/MIRS/Thesis/3Dreconstruction/install/event_3d_reconstruction/share/event_3d_reconstruction/package.zsh'
[0.310s] Level 1:colcon.colcon_core.environment:create_file_with_runtime_dependencies(/home/ryan/Documents/MIRS/Thesis/3Dreconstruction/install/event_3d_reconstruction/share/colcon-core/packages/event_3d_reconstruction)
[0.310s] DEBUG:colcon.colcon_parallel_executor.executor.parallel:closing loop
[0.310s] DEBUG:colcon.colcon_parallel_executor.executor.parallel:loop closed
[0.310s] DEBUG:colcon.colcon_parallel_executor.executor.parallel:run_until_complete finished with '0'
[0.311s] DEBUG:colcon.colcon_core.event_reactor:joining thread
[0.318s] INFO:colcon.colcon_core.plugin_system:Skipping extension 'colcon_notification.desktop_notification.terminal_notifier': Not used on non-Darwin systems
[0.318s] INFO:colcon.colcon_core.plugin_system:Skipping extension 'colcon_notification.desktop_notification.win32': Not used on non-Windows systems
[0.318s] INFO:colcon.colcon_notification.desktop_notification:Sending desktop notification using 'notify2'
[0.326s] DEBUG:colcon.colcon_core.event_reactor:joined thread
[0.326s] INFO:colcon.colcon_core.shell:Creating prefix script '/home/ryan/Documents/MIRS/Thesis/3Dreconstruction/install/local_setup.ps1'
[0.328s] INFO:colcon.colcon_core.shell:Creating prefix util module '/home/ryan/Documents/MIRS/Thesis/3Dreconstruction/install/_local_setup_util_ps1.py'
[0.328s] INFO:colcon.colcon_core.shell:Creating prefix chain script '/home/ryan/Documents/MIRS/Thesis/3Dreconstruction/install/setup.ps1'
[0.330s] INFO:colcon.colcon_core.shell:Creating prefix script '/home/ryan/Documents/MIRS/Thesis/3Dreconstruction/install/local_setup.sh'
[0.330s] INFO:colcon.colcon_core.shell:Creating prefix util module '/home/ryan/Documents/MIRS/Thesis/3Dreconstruction/install/_local_setup_util_sh.py'
[0.331s] INFO:colcon.colcon_core.shell:Creating prefix chain script '/home/ryan/Documents/MIRS/Thesis/3Dreconstruction/install/setup.sh'
[0.332s] INFO:colcon.colcon_core.shell:Creating prefix script '/home/ryan/Documents/MIRS/Thesis/3Dreconstruction/install/local_setup.bash'
[0.332s] INFO:colcon.colcon_core.shell:Creating prefix chain script '/home/ryan/Documents/MIRS/Thesis/3Dreconstruction/install/setup.bash'
[0.334s] INFO:colcon.colcon_core.shell:Creating prefix script '/home/ryan/Documents/MIRS/Thesis/3Dreconstruction/install/local_setup.zsh'
[0.334s] INFO:colcon.colcon_core.shell:Creating prefix chain script '/home/ryan/Documents/MIRS/Thesis/3Dreconstruction/install/setup.zsh'
