[ 33%] Built target check_sync
[ 50%] [32mBuilding CXX object CMakeFiles/test_rec.dir/src/test_rec.cpp.o[0m
[ 66%] [32mBuilding CXX object CMakeFiles/triangulate.dir/src/triangulate.cpp.o[0m
In file included from [01m[K/home/ryan/Documents/MIRS/Thesis/3Dreconstruction/src/src/triangulate.cpp:23[m[K:
[01m[K/home/ryan/Documents/MIRS/Thesis/3Dreconstruction/src/include/rectification.hpp:[m[K In member function ‘[01m[Kvoid EventRectifier::[01;32m[KloadExtrinsics[m[K(const std::string&)[m[K’:
[01m[K/home/ryan/Documents/MIRS/Thesis/3Dreconstruction/src/include/rectification.hpp:49:23:[m[K [01;31m[Kerror: [m[K‘[01m[Kraw_rvec[m[K’ was not declared in this scope; did you mean ‘[01m[Kr_vec[m[K’?
   49 |         cv::Rodrigues([01;31m[Kraw_rvec[m[K, R_raw);
      |                       [01;31m[K^~~~~~~~[m[K
      |                       [32m[Kr_vec[m[K
In file included from [01m[K/home/ryan/Documents/MIRS/Thesis/3Dreconstruction/src/src/test_rec.cpp:24[m[K:
[01m[K/home/ryan/Documents/MIRS/Thesis/3Dreconstruction/src/include/rectification.hpp:[m[K In member function ‘[01m[Kvoid EventRectifier::[01;32m[KloadExtrinsics[m[K(const std::string&)[m[K’:
[01m[K/home/ryan/Documents/MIRS/Thesis/3Dreconstruction/src/include/rectification.hpp:49:23:[m[K [01;31m[Kerror: [m[K‘[01m[Kraw_rvec[m[K’ was not declared in this scope; did you mean ‘[01m[Kr_vec[m[K’?
   49 |         cv::Rodrigues([01;31m[Kraw_rvec[m[K, R_raw);
      |                       [01;31m[K^~~~~~~~[m[K
      |                       [32m[Kr_vec[m[K
[01m[K/home/ryan/Documents/MIRS/Thesis/3Dreconstruction/src/include/rectification.hpp:52:34:[m[K [01;31m[Kerror: [m[K‘[01m[Kraw_tvec[m[K’ was not declared in this scope; did you mean ‘[01m[Kr_vec[m[K’?
   52 |         cv::Mat T_inv = -R_inv * [01;31m[Kraw_tvec[m[K;
      |                                  [01;31m[K^~~~~~~~[m[K
      |                                  [32m[Kr_vec[m[K
[01m[K/home/ryan/Documents/MIRS/Thesis/3Dreconstruction/src/include/rectification.hpp:52:34:[m[K [01;31m[Kerror: [m[K‘[01m[Kraw_tvec[m[K’ was not declared in this scope; did you mean ‘[01m[Kr_vec[m[K’?
   52 |         cv::Mat T_inv = -R_inv * [01;31m[Kraw_tvec[m[K;
      |                                  [01;31m[K^~~~~~~~[m[K
      |                                  [32m[Kr_vec[m[K
[01m[K/home/ryan/Documents/MIRS/Thesis/3Dreconstruction/src/src/triangulate.cpp:[m[K In function ‘[01m[Kint[01;32m[K main[m[K(int, char**)[m[K’:
[01m[K/home/ryan/Documents/MIRS/Thesis/3Dreconstruction/src/src/triangulate.cpp:153:12:[m[K [01;35m[Kwarning: [m[Kunused variable ‘[01m[KMIN_DISPARITY[m[K’ [[01;35m[K]8;;https://gcc.gnu.org/onlinedocs/gcc/Warning-Options.html#index-Wunused-variable-Wunused-variable]8;;[m[K]
  153 |     double [01;35m[KMIN_DISPARITY[m[K = f_b / PHYSICAL_MAX_DEPTH;
      |            [01;35m[K^~~~~~~~~~~~~[m[K
[01m[K/home/ryan/Documents/MIRS/Thesis/3Dreconstruction/src/src/triangulate.cpp:154:12:[m[K [01;35m[Kwarning: [m[Kunused variable ‘[01m[KMAX_DISPARITY[m[K’ [[01;35m[K]8;;https://gcc.gnu.org/onlinedocs/gcc/Warning-Options.html#index-Wunused-variable-Wunused-variable]8;;[m[K]
  154 |     double [01;35m[KMAX_DISPARITY[m[K = f_b / PHYSICAL_MIN_DEPTH;
      |            [01;35m[K^~~~~~~~~~~~~[m[K
gmake[2]: *** [CMakeFiles/test_rec.dir/build.make:76: CMakeFiles/test_rec.dir/src/test_rec.cpp.o] Error 1
gmake[1]: *** [CMakeFiles/Makefile2:141: CMakeFiles/test_rec.dir/all] Error 2
gmake[1]: *** Waiting for unfinished jobs....
gmake[2]: *** [CMakeFiles/triangulate.dir/build.make:76: CMakeFiles/triangulate.dir/src/triangulate.cpp.o] Error 1
gmake[1]: *** [CMakeFiles/Makefile2:167: CMakeFiles/triangulate.dir/all] Error 2
gmake: *** [Makefile:146: all] Error 2
