[0.009s] Invoking command in '/home/ryan/Documents/MIRS/Thesis/3Dreconstruction/build/event_3d_reconstruction': CMAKE_PREFIX_PATH=${CMAKE_PREFIX_PATH}:/opt/ros/jazzy:/home/ryan/workshop_ws/install/easynav_common:/home/ryan/workshop_ws/install/easynav_tools:/home/ryan/workshop_ws/install/easynav_support_py DEBUGINFOD_URLS=https://debuginfod.ubuntu.com /usr/bin/cmake --build /home/ryan/Documents/MIRS/Thesis/3Dreconstruction/build/event_3d_reconstruction -- -j16 -l16
[0.060s] [ 66%] Built target test_rec
[0.061s] [ 66%] Built target check_sync
[0.068s] [ 83%] [32mBuilding CXX object CMakeFiles/triangulate.dir/src/triangulate.cpp.o[0m
[2.866s] [01m[K/home/ryan/Documents/MIRS/Thesis/3Dreconstruction/src/src/triangulate.cpp:[m[K In function ‘[01m[Kint[01;32m[K main[m[K(int, char**)[m[K’:
[2.866s] [01m[K/home/ryan/Documents/MIRS/Thesis/3Dreconstruction/src/src/triangulate.cpp:288:31:[m[K [01;31m[Kerror: [m[K‘[01m[Kcalib_data[m[K’ was not declared in this scope
[2.866s]   288 |         parse_json_intrinsics([01;31m[Kcalib_data[m[K/new_meta_int_master.json, K1_loc, D1_loc);
[2.867s]       |                               [01;31m[K^~~~~~~~~~[m[K
[2.873s] [01m[K/home/ryan/Documents/MIRS/Thesis/3Dreconstruction/src/src/triangulate.cpp:288:42:[m[K [01;31m[Kerror: [m[K‘[01m[Knew_meta_int_master[m[K’ was not declared in this scope
[2.873s]   288 |         parse_json_intrinsics(calib_data/[01;31m[Knew_meta_int_master[m[K.json, K1_loc, D1_loc);
[2.873s]       |                                          [01;31m[K^~~~~~~~~~~~~~~~~~~[m[K
[2.879s] [01m[K/home/ryan/Documents/MIRS/Thesis/3Dreconstruction/src/src/triangulate.cpp:289:42:[m[K [01;31m[Kerror: [m[K‘[01m[Knew_meta_int_slave[m[K’ was not declared in this scope
[2.879s]   289 |         parse_json_intrinsics(calib_data/[01;31m[Knew_meta_int_slave[m[K.json, K2_loc, D2_loc);
[2.879s]       |                                          [01;31m[K^~~~~~~~~~~~~~~~~~[m[K
[2.883s] [01m[K/home/ryan/Documents/MIRS/Thesis/3Dreconstruction/src/src/triangulate.cpp:290:42:[m[K [01;31m[Kerror: [m[K‘[01m[Kextrinsics_UW2[m[K’ was not declared in this scope; did you mean ‘[01m[Kextrinsics_stereo[m[K’?
[2.883s]   290 |         parse_json_extrinsics(calib_data/[01;31m[Kextrinsics_UW2[m[K.json, R_stereo, T_stereo);
[2.883s]       |                                          [01;31m[K^~~~~~~~~~~~~~[m[K
[2.884s]       |                                          [32m[Kextrinsics_stereo[m[K
[2.890s] [01m[K/home/ryan/Documents/MIRS/Thesis/3Dreconstruction/src/src/triangulate.cpp:318:9:[m[K [01;31m[Kerror: [m[K‘[01m[Kevent_rectifier[m[K’ was not declared in this scope
[2.891s]   318 |         [01;31m[Kevent_rectifier[m[K.loadLUT(temp_lut_file);
[2.891s]       |         [01;31m[K^~~~~~~~~~~~~~~[m[K
[2.910s] [01m[K/home/ryan/Documents/MIRS/Thesis/3Dreconstruction/src/src/triangulate.cpp:239:10:[m[K [01;35m[Kwarning: [m[Kunused variable ‘[01m[KUSE_HOUGH_TRANSFORM[m[K’ [[01;35m[K]8;;https://gcc.gnu.org/onlinedocs/gcc/Warning-Options.html#index-Wunused-variable-Wunused-variable]8;;[m[K]
[2.910s]   239 |     bool [01;35m[KUSE_HOUGH_TRANSFORM[m[K = true;
[2.910s]       |          [01;35m[K^~~~~~~~~~~~~~~~~~~[m[K
[4.065s] gmake[2]: *** [CMakeFiles/triangulate.dir/build.make:76: CMakeFiles/triangulate.dir/src/triangulate.cpp.o] Error 1
[4.065s] gmake[1]: *** [CMakeFiles/Makefile2:167: CMakeFiles/triangulate.dir/all] Error 2
[4.065s] gmake: *** [Makefile:146: all] Error 2
[4.067s] Invoked command in '/home/ryan/Documents/MIRS/Thesis/3Dreconstruction/build/event_3d_reconstruction' returned '2': CMAKE_PREFIX_PATH=${CMAKE_PREFIX_PATH}:/opt/ros/jazzy:/home/ryan/workshop_ws/install/easynav_common:/home/ryan/workshop_ws/install/easynav_tools:/home/ryan/workshop_ws/install/easynav_support_py DEBUGINFOD_URLS=https://debuginfod.ubuntu.com /usr/bin/cmake --build /home/ryan/Documents/MIRS/Thesis/3Dreconstruction/build/event_3d_reconstruction -- -j16 -l16
