[0.021s] Invoking command in '/home/ryan/Documents/MIRS/Thesis/3Dreconstruction/build/event_3d_reconstruction': CMAKE_PREFIX_PATH=${CMAKE_PREFIX_PATH}:/opt/ros/jazzy:/home/ryan/workshop_ws/install/easynav_common:/home/ryan/workshop_ws/install/easynav_tools:/home/ryan/workshop_ws/install/easynav_support_py DEBUGINFOD_URLS=https://debuginfod.ubuntu.com /usr/bin/cmake --build /home/ryan/Documents/MIRS/Thesis/3Dreconstruction/build/event_3d_reconstruction -- -j16 -l16
[0.144s] [ 16%] [32mBuilding CXX object CMakeFiles/triangulate.dir/src/triangulate.cpp.o[0m
[0.148s] [ 83%] Built target check_sync
[0.149s] [ 83%] Built target test_rec
[10.611s] [100%] [32m[1mLinking CXX executable triangulate[0m
[10.861s] [100%] Built target triangulate
[10.877s] Invoked command in '/home/ryan/Documents/MIRS/Thesis/3Dreconstruction/build/event_3d_reconstruction' returned '0': CMAKE_PREFIX_PATH=${CMAKE_PREFIX_PATH}:/opt/ros/jazzy:/home/ryan/workshop_ws/install/easynav_common:/home/ryan/workshop_ws/install/easynav_tools:/home/ryan/workshop_ws/install/easynav_support_py DEBUGINFOD_URLS=https://debuginfod.ubuntu.com /usr/bin/cmake --build /home/ryan/Documents/MIRS/Thesis/3Dreconstruction/build/event_3d_reconstruction -- -j16 -l16
[10.892s] Invoking command in '/home/ryan/Documents/MIRS/Thesis/3Dreconstruction/build/event_3d_reconstruction': CMAKE_PREFIX_PATH=${CMAKE_PREFIX_PATH}:/opt/ros/jazzy:/home/ryan/workshop_ws/install/easynav_common:/home/ryan/workshop_ws/install/easynav_tools:/home/ryan/workshop_ws/install/easynav_support_py DEBUGINFOD_URLS=https://debuginfod.ubuntu.com /usr/bin/cmake --install /home/ryan/Documents/MIRS/Thesis/3Dreconstruction/build/event_3d_reconstruction
[10.904s] -- Install configuration: ""
[10.905s] -- Execute custom install script
[10.905s] -- Up-to-date symlink: /home/ryan/Documents/MIRS/Thesis/3Dreconstruction/install/event_3d_reconstruction/lib/event_3d_reconstruction/test_rec
[10.906s] -- Up-to-date symlink: /home/ryan/Documents/MIRS/Thesis/3Dreconstruction/install/event_3d_reconstruction/lib/event_3d_reconstruction/triangulate
[10.906s] -- Up-to-date symlink: /home/ryan/Documents/MIRS/Thesis/3Dreconstruction/install/event_3d_reconstruction/lib/event_3d_reconstruction/check_sync
[10.907s] -- Up-to-date symlink: /home/ryan/Documents/MIRS/Thesis/3Dreconstruction/install/event_3d_reconstruction/share/ament_index/resource_index/package_run_dependencies/event_3d_reconstruction
[10.907s] -- Up-to-date symlink: /home/ryan/Documents/MIRS/Thesis/3Dreconstruction/install/event_3d_reconstruction/share/ament_index/resource_index/parent_prefix_path/event_3d_reconstruction
[10.907s] -- Up-to-date symlink: /home/ryan/Documents/MIRS/Thesis/3Dreconstruction/install/event_3d_reconstruction/share/event_3d_reconstruction/environment/ament_prefix_path.sh
[10.907s] -- Up-to-date symlink: /home/ryan/Documents/MIRS/Thesis/3Dreconstruction/install/event_3d_reconstruction/share/event_3d_reconstruction/environment/ament_prefix_path.dsv
[10.907s] -- Up-to-date symlink: /home/ryan/Documents/MIRS/Thesis/3Dreconstruction/install/event_3d_reconstruction/share/event_3d_reconstruction/environment/path.sh
[10.907s] -- Up-to-date symlink: /home/ryan/Documents/MIRS/Thesis/3Dreconstruction/install/event_3d_reconstruction/share/event_3d_reconstruction/environment/path.dsv
[10.907s] -- Up-to-date symlink: /home/ryan/Documents/MIRS/Thesis/3Dreconstruction/install/event_3d_reconstruction/share/event_3d_reconstruction/local_setup.bash
[10.907s] -- Up-to-date symlink: /home/ryan/Documents/MIRS/Thesis/3Dreconstruction/install/event_3d_reconstruction/share/event_3d_reconstruction/local_setup.sh
[10.907s] -- Up-to-date symlink: /home/ryan/Documents/MIRS/Thesis/3Dreconstruction/install/event_3d_reconstruction/share/event_3d_reconstruction/local_setup.zsh
[10.907s] -- Up-to-date symlink: /home/ryan/Documents/MIRS/Thesis/3Dreconstruction/install/event_3d_reconstruction/share/event_3d_reconstruction/local_setup.dsv
[10.907s] -- Symlinking: /home/ryan/Documents/MIRS/Thesis/3Dreconstruction/install/event_3d_reconstruction/share/event_3d_reconstruction/package.dsv
[10.921s] -- Up-to-date symlink: /home/ryan/Documents/MIRS/Thesis/3Dreconstruction/install/event_3d_reconstruction/share/ament_index/resource_index/packages/event_3d_reconstruction
[10.921s] -- Up-to-date symlink: /home/ryan/Documents/MIRS/Thesis/3Dreconstruction/install/event_3d_reconstruction/share/event_3d_reconstruction/cmake/event_3d_reconstructionConfig.cmake
[10.921s] -- Up-to-date symlink: /home/ryan/Documents/MIRS/Thesis/3Dreconstruction/install/event_3d_reconstruction/share/event_3d_reconstruction/cmake/event_3d_reconstructionConfig-version.cmake
[10.922s] -- Up-to-date symlink: /home/ryan/Documents/MIRS/Thesis/3Dreconstruction/install/event_3d_reconstruction/share/event_3d_reconstruction/package.xml
[10.924s] Invoked command in '/home/ryan/Documents/MIRS/Thesis/3Dreconstruction/build/event_3d_reconstruction' returned '0': CMAKE_PREFIX_PATH=${CMAKE_PREFIX_PATH}:/opt/ros/jazzy:/home/ryan/workshop_ws/install/easynav_common:/home/ryan/workshop_ws/install/easynav_tools:/home/ryan/workshop_ws/install/easynav_support_py DEBUGINFOD_URLS=https://debuginfod.ubuntu.com /usr/bin/cmake --install /home/ryan/Documents/MIRS/Thesis/3Dreconstruction/build/event_3d_reconstruction
