[0.015s] Invoking command in '/home/ryan/Documents/MIRS/Thesis/3Dreconstruction/build/events_repacking_helper': DEBUGINFOD_URLS=https://debuginfod.ubuntu.com /usr/bin/cmake /home/ryan/Documents/MIRS/Thesis/3Dreconstruction/ESVO/events_repacking_helper -DCATKIN_INSTALL_INTO_PREFIX_ROOT=0 -DCMAKE_INSTALL_PREFIX=/home/ryan/Documents/MIRS/Thesis/3Dreconstruction/install/events_repacking_helper
[0.023s] [0mCMake Deprecation Warning at CMakeLists.txt:1 (cmake_minimum_required):
[0.023s]   Compatibility with CMake < 3.5 will be removed from a future version of
[0.023s]   CMake.
[0.023s] 
[0.023s]   Update the VERSION argument <min> value or use a ...<max> suffix to tell
[0.023s]   CMake that the project does not need compatibility with older versions.
[0.023s] 
[0.023s] [0m
[0.094s] -- The C compiler identification is GNU 13.3.0
[0.162s] -- The CXX compiler identification is GNU 13.3.0
[0.179s] -- Detecting C compiler ABI info
[0.258s] -- Detecting C compiler ABI info - done
[0.265s] -- Check for working C compiler: /usr/bin/cc - skipped
[0.265s] -- Detecting C compile features
[0.266s] -- Detecting C compile features - done
[0.275s] -- Detecting CXX compiler ABI info
[0.357s] -- Detecting CXX compiler ABI info - done
[0.364s] -- Check for working CXX compiler: /usr/bin/c++ - skipped
[0.364s] -- Detecting CXX compile features
[0.365s] -- Detecting CXX compile features - done
[0.385s] [31mCMake Error at CMakeLists.txt:10 (find_package):
[0.385s]   By not providing "Findcatkin_simple.cmake" in CMAKE_MODULE_PATH this
[0.386s]   project has asked CMake to find a package configuration file provided by
[0.386s]   "catkin_simple", but CMake did not find one.
[0.386s] 
[0.386s]   Could not find a package configuration file provided by "catkin_simple"
[0.386s]   with any of the following names:
[0.386s] 
[0.386s]     catkin_simpleConfig.cmake
[0.387s]     catkin_simple-config.cmake
[0.387s] 
[0.387s]   Add the installation prefix of "catkin_simple" to CMAKE_PREFIX_PATH or set
[0.387s]   "catkin_simple_DIR" to a directory containing one of the above files.  If
[0.387s]   "catkin_simple" provides a separate development package or SDK, be sure it
[0.387s]   has been installed.
[0.387s] 
[0.387s] [0m
[0.388s] -- Configuring incomplete, errors occurred!
[0.391s] Invoked command in '/home/ryan/Documents/MIRS/Thesis/3Dreconstruction/build/events_repacking_helper' returned '1': DEBUGINFOD_URLS=https://debuginfod.ubuntu.com /usr/bin/cmake /home/ryan/Documents/MIRS/Thesis/3Dreconstruction/ESVO/events_repacking_helper -DCATKIN_INSTALL_INTO_PREFIX_ROOT=0 -DCMAKE_INSTALL_PREFIX=/home/ryan/Documents/MIRS/Thesis/3Dreconstruction/install/events_repacking_helper
