[0.219s] DEBUG:colcon:Command line arguments: ['/usr/bin/colcon', 'build']
[0.219s] DEBUG:colcon:Parsed command line arguments: Namespace(log_base=None, log_level=None, verb_name='build', build_base='build', install_base='install', merge_install=False, symlink_install=False, test_result_base=None, continue_on_error=False, executor='parallel', parallel_workers=16, event_handlers=None, ignore_user_meta=False, metas=['./colcon.meta'], base_paths=['.'], packages_ignore=None, packages_ignore_regex=None, paths=None, packages_up_to=None, packages_up_to_regex=None, packages_above=None, packages_above_and_dependencies=None, packages_above_depth=None, packages_select_by_dep=None, packages_skip_by_dep=None, packages_skip_up_to=None, packages_select_build_failed=False, packages_skip_build_finished=False, packages_select_test_failures=False, packages_skip_test_passed=False, packages_select=None, packages_skip=None, packages_select_regex=None, packages_skip_regex=None, packages_start=None, packages_end=None, allow_overriding=[], cmake_args=None, cmake_target=None, cmake_target_skip_unavailable=False, cmake_clean_cache=False, cmake_clean_first=False, cmake_force_configure=False, ament_cmake_args=None, catkin_cmake_args=None, catkin_skip_building_tests=False, mixin_files=None, mixin=None, verb_parser=<colcon_mixin.mixin.mixin_argument.MixinArgumentDecorator object at 0x70609afb7a10>, verb_extension=<colcon_core.verb.build.BuildVerb object at 0x70609b05e4b0>, main=<bound method BuildVerb.main of <colcon_core.verb.build.BuildVerb object at 0x70609b05e4b0>>, mixin_verb=('build',))
[0.304s] Level 1:colcon.colcon_core.package_discovery:discover_packages(colcon_meta) check parameters
[0.304s] Level 1:colcon.colcon_core.package_discovery:discover_packages(recursive) check parameters
[0.304s] Level 1:colcon.colcon_core.package_discovery:discover_packages(ignore) check parameters
[0.304s] Level 1:colcon.colcon_core.package_discovery:discover_packages(path) check parameters
[0.304s] Level 1:colcon.colcon_core.package_discovery:discover_packages(colcon_meta) discover
[0.304s] Level 1:colcon.colcon_core.package_discovery:discover_packages(recursive) discover
[0.304s] INFO:colcon.colcon_core.package_discovery:Crawling recursively for packages in '/home/ryan/Documents/MIRS/Thesis/3Dreconstruction'
[0.305s] Level 1:colcon.colcon_core.package_identification:_identify(.) by extensions ['ignore', 'ignore_ament_install']
[0.305s] Level 1:colcon.colcon_core.package_identification:_identify(.) by extension 'ignore'
[0.305s] Level 1:colcon.colcon_core.package_identification:_identify(.) by extension 'ignore_ament_install'
[0.305s] Level 1:colcon.colcon_core.package_identification:_identify(.) by extensions ['colcon_pkg']
[0.305s] Level 1:colcon.colcon_core.package_identification:_identify(.) by extension 'colcon_pkg'
[0.305s] Level 1:colcon.colcon_core.package_identification:_identify(.) by extensions ['colcon_meta']
[0.305s] Level 1:colcon.colcon_core.package_identification:_identify(.) by extension 'colcon_meta'
[0.305s] Level 1:colcon.colcon_core.package_identification:_identify(.) by extensions ['ros']
[0.305s] Level 1:colcon.colcon_core.package_identification:_identify(.) by extension 'ros'
[0.349s] Level 1:colcon.colcon_core.package_identification:_identify(.) by extensions ['cmake', 'python']
[0.349s] Level 1:colcon.colcon_core.package_identification:_identify(.) by extension 'cmake'
[0.350s] Level 1:colcon.colcon_core.package_identification:_identify(.) by extension 'python'
[0.350s] Level 1:colcon.colcon_core.package_identification:_identify(.) by extensions ['python_setup_py']
[0.350s] Level 1:colcon.colcon_core.package_identification:_identify(.) by extension 'python_setup_py'
[0.350s] Level 1:colcon.colcon_core.package_identification:_identify(build) by extensions ['ignore', 'ignore_ament_install']
[0.350s] Level 1:colcon.colcon_core.package_identification:_identify(build) by extension 'ignore'
[0.350s] Level 1:colcon.colcon_core.package_identification:_identify(build) ignored
[0.350s] Level 1:colcon.colcon_core.package_identification:_identify(calib_data) by extensions ['ignore', 'ignore_ament_install']
[0.350s] Level 1:colcon.colcon_core.package_identification:_identify(calib_data) by extension 'ignore'
[0.350s] Level 1:colcon.colcon_core.package_identification:_identify(calib_data) by extension 'ignore_ament_install'
[0.350s] Level 1:colcon.colcon_core.package_identification:_identify(calib_data) by extensions ['colcon_pkg']
[0.350s] Level 1:colcon.colcon_core.package_identification:_identify(calib_data) by extension 'colcon_pkg'
[0.350s] Level 1:colcon.colcon_core.package_identification:_identify(calib_data) by extensions ['colcon_meta']
[0.350s] Level 1:colcon.colcon_core.package_identification:_identify(calib_data) by extension 'colcon_meta'
[0.350s] Level 1:colcon.colcon_core.package_identification:_identify(calib_data) by extensions ['ros']
[0.350s] Level 1:colcon.colcon_core.package_identification:_identify(calib_data) by extension 'ros'
[0.351s] Level 1:colcon.colcon_core.package_identification:_identify(calib_data) by extensions ['cmake', 'python']
[0.351s] Level 1:colcon.colcon_core.package_identification:_identify(calib_data) by extension 'cmake'
[0.351s] Level 1:colcon.colcon_core.package_identification:_identify(calib_data) by extension 'python'
[0.351s] Level 1:colcon.colcon_core.package_identification:_identify(calib_data) by extensions ['python_setup_py']
[0.351s] Level 1:colcon.colcon_core.package_identification:_identify(calib_data) by extension 'python_setup_py'
[0.351s] Level 1:colcon.colcon_core.package_identification:_identify(datasets) by extensions ['ignore', 'ignore_ament_install']
[0.351s] Level 1:colcon.colcon_core.package_identification:_identify(datasets) by extension 'ignore'
[0.351s] Level 1:colcon.colcon_core.package_identification:_identify(datasets) by extension 'ignore_ament_install'
[0.351s] Level 1:colcon.colcon_core.package_identification:_identify(datasets) by extensions ['colcon_pkg']
[0.351s] Level 1:colcon.colcon_core.package_identification:_identify(datasets) by extension 'colcon_pkg'
[0.351s] Level 1:colcon.colcon_core.package_identification:_identify(datasets) by extensions ['colcon_meta']
[0.351s] Level 1:colcon.colcon_core.package_identification:_identify(datasets) by extension 'colcon_meta'
[0.351s] Level 1:colcon.colcon_core.package_identification:_identify(datasets) by extensions ['ros']
[0.351s] Level 1:colcon.colcon_core.package_identification:_identify(datasets) by extension 'ros'
[0.351s] Level 1:colcon.colcon_core.package_identification:_identify(datasets) by extensions ['cmake', 'python']
[0.351s] Level 1:colcon.colcon_core.package_identification:_identify(datasets) by extension 'cmake'
[0.351s] Level 1:colcon.colcon_core.package_identification:_identify(datasets) by extension 'python'
[0.351s] Level 1:colcon.colcon_core.package_identification:_identify(datasets) by extensions ['python_setup_py']
[0.351s] Level 1:colcon.colcon_core.package_identification:_identify(datasets) by extension 'python_setup_py'
[0.351s] Level 1:colcon.colcon_core.package_identification:_identify(datasets/uw_laser) by extensions ['ignore', 'ignore_ament_install']
[0.351s] Level 1:colcon.colcon_core.package_identification:_identify(datasets/uw_laser) by extension 'ignore'
[0.351s] Level 1:colcon.colcon_core.package_identification:_identify(datasets/uw_laser) by extension 'ignore_ament_install'
[0.352s] Level 1:colcon.colcon_core.package_identification:_identify(datasets/uw_laser) by extensions ['colcon_pkg']
[0.352s] Level 1:colcon.colcon_core.package_identification:_identify(datasets/uw_laser) by extension 'colcon_pkg'
[0.352s] Level 1:colcon.colcon_core.package_identification:_identify(datasets/uw_laser) by extensions ['colcon_meta']
[0.352s] Level 1:colcon.colcon_core.package_identification:_identify(datasets/uw_laser) by extension 'colcon_meta'
[0.352s] Level 1:colcon.colcon_core.package_identification:_identify(datasets/uw_laser) by extensions ['ros']
[0.352s] Level 1:colcon.colcon_core.package_identification:_identify(datasets/uw_laser) by extension 'ros'
[0.352s] Level 1:colcon.colcon_core.package_identification:_identify(datasets/uw_laser) by extensions ['cmake', 'python']
[0.352s] Level 1:colcon.colcon_core.package_identification:_identify(datasets/uw_laser) by extension 'cmake'
[0.352s] Level 1:colcon.colcon_core.package_identification:_identify(datasets/uw_laser) by extension 'python'
[0.352s] Level 1:colcon.colcon_core.package_identification:_identify(datasets/uw_laser) by extensions ['python_setup_py']
[0.352s] Level 1:colcon.colcon_core.package_identification:_identify(datasets/uw_laser) by extension 'python_setup_py'
[0.352s] Level 1:colcon.colcon_core.package_identification:_identify(install) by extensions ['ignore', 'ignore_ament_install']
[0.352s] Level 1:colcon.colcon_core.package_identification:_identify(install) by extension 'ignore'
[0.352s] Level 1:colcon.colcon_core.package_identification:_identify(install) ignored
[0.352s] Level 1:colcon.colcon_core.package_identification:_identify(log) by extensions ['ignore', 'ignore_ament_install']
[0.352s] Level 1:colcon.colcon_core.package_identification:_identify(log) by extension 'ignore'
[0.352s] Level 1:colcon.colcon_core.package_identification:_identify(log) ignored
[0.353s] Level 1:colcon.colcon_core.package_identification:_identify(src) by extensions ['ignore', 'ignore_ament_install']
[0.353s] Level 1:colcon.colcon_core.package_identification:_identify(src) by extension 'ignore'
[0.353s] Level 1:colcon.colcon_core.package_identification:_identify(src) by extension 'ignore_ament_install'
[0.353s] Level 1:colcon.colcon_core.package_identification:_identify(src) by extensions ['colcon_pkg']
[0.353s] Level 1:colcon.colcon_core.package_identification:_identify(src) by extension 'colcon_pkg'
[0.353s] Level 1:colcon.colcon_core.package_identification:_identify(src) by extensions ['colcon_meta']
[0.353s] Level 1:colcon.colcon_core.package_identification:_identify(src) by extension 'colcon_meta'
[0.353s] Level 1:colcon.colcon_core.package_identification:_identify(src) by extensions ['ros']
[0.353s] Level 1:colcon.colcon_core.package_identification:_identify(src) by extension 'ros'
[0.357s] DEBUG:colcon.colcon_core.package_identification:Package 'src' with type 'ros.ament_cmake' and name 'event_3d_reconstruction'
[0.357s] Level 1:colcon.colcon_core.package_identification:_identify(venv) by extensions ['ignore', 'ignore_ament_install']
[0.357s] Level 1:colcon.colcon_core.package_identification:_identify(venv) by extension 'ignore'
[0.357s] Level 1:colcon.colcon_core.package_identification:_identify(venv) ignored
[0.358s] Level 1:colcon.colcon_core.package_discovery:discover_packages(recursive) using defaults
[0.358s] Level 1:colcon.colcon_core.package_discovery:discover_packages(ignore) discover
[0.358s] Level 1:colcon.colcon_core.package_discovery:discover_packages(ignore) using defaults
[0.358s] Level 1:colcon.colcon_core.package_discovery:discover_packages(path) discover
[0.358s] Level 1:colcon.colcon_core.package_discovery:discover_packages(path) using defaults
[0.393s] Level 1:colcon.colcon_core.package_discovery:discover_packages(prefix_path) check parameters
[0.394s] Level 1:colcon.colcon_core.package_discovery:discover_packages(prefix_path) discover
[0.401s] DEBUG:colcon.colcon_installed_package_information.package_discovery:Found 57 installed packages in /home/ryan/workshop_ws/install
[0.404s] DEBUG:colcon.colcon_installed_package_information.package_discovery:Found 293 installed packages in /opt/ros/jazzy
[0.406s] Level 1:colcon.colcon_core.package_discovery:discover_packages(prefix_path) using defaults
[0.503s] Level 5:colcon.colcon_core.verb:set package 'event_3d_reconstruction' build argument 'cmake_args' from command line to 'None'
[0.503s] Level 5:colcon.colcon_core.verb:set package 'event_3d_reconstruction' build argument 'cmake_target' from command line to 'None'
[0.503s] Level 5:colcon.colcon_core.verb:set package 'event_3d_reconstruction' build argument 'cmake_target_skip_unavailable' from command line to 'False'
[0.503s] Level 5:colcon.colcon_core.verb:set package 'event_3d_reconstruction' build argument 'cmake_clean_cache' from command line to 'False'
[0.503s] Level 5:colcon.colcon_core.verb:set package 'event_3d_reconstruction' build argument 'cmake_clean_first' from command line to 'False'
[0.503s] Level 5:colcon.colcon_core.verb:set package 'event_3d_reconstruction' build argument 'cmake_force_configure' from command line to 'False'
[0.503s] Level 5:colcon.colcon_core.verb:set package 'event_3d_reconstruction' build argument 'ament_cmake_args' from command line to 'None'
[0.503s] Level 5:colcon.colcon_core.verb:set package 'event_3d_reconstruction' build argument 'catkin_cmake_args' from command line to 'None'
[0.503s] Level 5:colcon.colcon_core.verb:set package 'event_3d_reconstruction' build argument 'catkin_skip_building_tests' from command line to 'False'
[0.504s] DEBUG:colcon.colcon_core.verb:Building package 'event_3d_reconstruction' with the following arguments: {'ament_cmake_args': None, 'build_base': '/home/ryan/Documents/MIRS/Thesis/3Dreconstruction/build/event_3d_reconstruction', 'catkin_cmake_args': None, 'catkin_skip_building_tests': False, 'cmake_args': None, 'cmake_clean_cache': False, 'cmake_clean_first': False, 'cmake_force_configure': False, 'cmake_target': None, 'cmake_target_skip_unavailable': False, 'install_base': '/home/ryan/Documents/MIRS/Thesis/3Dreconstruction/install/event_3d_reconstruction', 'merge_install': False, 'path': '/home/ryan/Documents/MIRS/Thesis/3Dreconstruction/src', 'symlink_install': False, 'test_result_base': None}
[0.504s] INFO:colcon.colcon_core.executor:Executing jobs using 'parallel' executor
[0.507s] DEBUG:colcon.colcon_parallel_executor.executor.parallel:run_until_complete
[0.507s] INFO:colcon.colcon_ros.task.ament_cmake.build:Building ROS package in '/home/ryan/Documents/MIRS/Thesis/3Dreconstruction/src' with build type 'ament_cmake'
[0.508s] INFO:colcon.colcon_cmake.task.cmake.build:Building CMake package in '/home/ryan/Documents/MIRS/Thesis/3Dreconstruction/src'
[0.514s] INFO:colcon.colcon_core.plugin_system:Skipping extension 'colcon_core.shell.bat': Not used on non-Windows systems
[0.515s] INFO:colcon.colcon_core.shell:Skip shell extension 'powershell' for command environment: Not usable outside of PowerShell
[0.515s] DEBUG:colcon.colcon_core.shell:Skip shell extension 'dsv' for command environment
[0.543s] DEBUG:colcon.colcon_core.event_handler.log_command:Invoking command in '/home/ryan/Documents/MIRS/Thesis/3Dreconstruction/build/event_3d_reconstruction': CMAKE_PREFIX_PATH=${CMAKE_PREFIX_PATH}:/opt/ros/jazzy:/home/ryan/workshop_ws/install/easynav_common:/home/ryan/workshop_ws/install/easynav_tools:/home/ryan/workshop_ws/install/easynav_support_py DEBUGINFOD_URLS=https://debuginfod.ubuntu.com /usr/bin/cmake --build /home/ryan/Documents/MIRS/Thesis/3Dreconstruction/build/event_3d_reconstruction -- -j16 -l16
[12.584s] DEBUG:colcon.colcon_core.event_handler.log_command:Invoked command in '/home/ryan/Documents/MIRS/Thesis/3Dreconstruction/build/event_3d_reconstruction' returned '0': CMAKE_PREFIX_PATH=${CMAKE_PREFIX_PATH}:/opt/ros/jazzy:/home/ryan/workshop_ws/install/easynav_common:/home/ryan/workshop_ws/install/easynav_tools:/home/ryan/workshop_ws/install/easynav_support_py DEBUGINFOD_URLS=https://debuginfod.ubuntu.com /usr/bin/cmake --build /home/ryan/Documents/MIRS/Thesis/3Dreconstruction/build/event_3d_reconstruction -- -j16 -l16
[12.606s] DEBUG:colcon.colcon_core.event_handler.log_command:Invoking command in '/home/ryan/Documents/MIRS/Thesis/3Dreconstruction/build/event_3d_reconstruction': CMAKE_PREFIX_PATH=${CMAKE_PREFIX_PATH}:/opt/ros/jazzy:/home/ryan/workshop_ws/install/easynav_common:/home/ryan/workshop_ws/install/easynav_tools:/home/ryan/workshop_ws/install/easynav_support_py DEBUGINFOD_URLS=https://debuginfod.ubuntu.com /usr/bin/cmake --install /home/ryan/Documents/MIRS/Thesis/3Dreconstruction/build/event_3d_reconstruction
[12.657s] Level 1:colcon.colcon_core.environment:create_environment_scripts_only(event_3d_reconstruction)
[12.659s] DEBUG:colcon.colcon_core.event_handler.log_command:Invoked command in '/home/ryan/Documents/MIRS/Thesis/3Dreconstruction/build/event_3d_reconstruction' returned '0': CMAKE_PREFIX_PATH=${CMAKE_PREFIX_PATH}:/opt/ros/jazzy:/home/ryan/workshop_ws/install/easynav_common:/home/ryan/workshop_ws/install/easynav_tools:/home/ryan/workshop_ws/install/easynav_support_py DEBUGINFOD_URLS=https://debuginfod.ubuntu.com /usr/bin/cmake --install /home/ryan/Documents/MIRS/Thesis/3Dreconstruction/build/event_3d_reconstruction
[12.667s] Level 1:colcon.colcon_core.environment:checking '/home/ryan/Documents/MIRS/Thesis/3Dreconstruction/install/event_3d_reconstruction' for CMake module files
[12.668s] Level 1:colcon.colcon_core.environment:checking '/home/ryan/Documents/MIRS/Thesis/3Dreconstruction/install/event_3d_reconstruction' for CMake config files
[12.669s] Level 1:colcon.colcon_core.shell:create_environment_hook('event_3d_reconstruction', 'cmake_prefix_path')
[12.669s] INFO:colcon.colcon_core.shell:Creating environment hook '/home/ryan/Documents/MIRS/Thesis/3Dreconstruction/install/event_3d_reconstruction/share/event_3d_reconstruction/hook/cmake_prefix_path.ps1'
[12.671s] INFO:colcon.colcon_core.shell:Creating environment descriptor '/home/ryan/Documents/MIRS/Thesis/3Dreconstruction/install/event_3d_reconstruction/share/event_3d_reconstruction/hook/cmake_prefix_path.dsv'
[12.672s] INFO:colcon.colcon_core.shell:Creating environment hook '/home/ryan/Documents/MIRS/Thesis/3Dreconstruction/install/event_3d_reconstruction/share/event_3d_reconstruction/hook/cmake_prefix_path.sh'
[12.675s] Level 1:colcon.colcon_core.environment:checking '/home/ryan/Documents/MIRS/Thesis/3Dreconstruction/install/event_3d_reconstruction/lib'
[12.675s] Level 1:colcon.colcon_core.environment:checking '/home/ryan/Documents/MIRS/Thesis/3Dreconstruction/install/event_3d_reconstruction/bin'
[12.675s] Level 1:colcon.colcon_core.environment:checking '/home/ryan/Documents/MIRS/Thesis/3Dreconstruction/install/event_3d_reconstruction/lib/pkgconfig/event_3d_reconstruction.pc'
[12.676s] Level 1:colcon.colcon_core.environment:checking '/home/ryan/Documents/MIRS/Thesis/3Dreconstruction/install/event_3d_reconstruction/lib/python3.12/site-packages'
[12.677s] Level 1:colcon.colcon_core.environment:checking '/home/ryan/Documents/MIRS/Thesis/3Dreconstruction/install/event_3d_reconstruction/bin'
[12.677s] INFO:colcon.colcon_core.shell:Creating package script '/home/ryan/Documents/MIRS/Thesis/3Dreconstruction/install/event_3d_reconstruction/share/event_3d_reconstruction/package.ps1'
[12.680s] INFO:colcon.colcon_core.shell:Creating package descriptor '/home/ryan/Documents/MIRS/Thesis/3Dreconstruction/install/event_3d_reconstruction/share/event_3d_reconstruction/package.dsv'
[12.682s] INFO:colcon.colcon_core.shell:Creating package script '/home/ryan/Documents/MIRS/Thesis/3Dreconstruction/install/event_3d_reconstruction/share/event_3d_reconstruction/package.sh'
[12.683s] INFO:colcon.colcon_core.shell:Creating package script '/home/ryan/Documents/MIRS/Thesis/3Dreconstruction/install/event_3d_reconstruction/share/event_3d_reconstruction/package.bash'
[12.686s] INFO:colcon.colcon_core.shell:Creating package script '/home/ryan/Documents/MIRS/Thesis/3Dreconstruction/install/event_3d_reconstruction/share/event_3d_reconstruction/package.zsh'
[12.689s] Level 1:colcon.colcon_core.environment:create_file_with_runtime_dependencies(/home/ryan/Documents/MIRS/Thesis/3Dreconstruction/install/event_3d_reconstruction/share/colcon-core/packages/event_3d_reconstruction)
[12.691s] Level 1:colcon.colcon_core.environment:create_environment_scripts_only(event_3d_reconstruction)
[12.691s] Level 1:colcon.colcon_core.environment:checking '/home/ryan/Documents/MIRS/Thesis/3Dreconstruction/install/event_3d_reconstruction' for CMake module files
[12.692s] Level 1:colcon.colcon_core.environment:checking '/home/ryan/Documents/MIRS/Thesis/3Dreconstruction/install/event_3d_reconstruction' for CMake config files
[12.693s] Level 1:colcon.colcon_core.shell:create_environment_hook('event_3d_reconstruction', 'cmake_prefix_path')
[12.694s] INFO:colcon.colcon_core.shell:Creating environment hook '/home/ryan/Documents/MIRS/Thesis/3Dreconstruction/install/event_3d_reconstruction/share/event_3d_reconstruction/hook/cmake_prefix_path.ps1'
[12.695s] INFO:colcon.colcon_core.shell:Creating environment descriptor '/home/ryan/Documents/MIRS/Thesis/3Dreconstruction/install/event_3d_reconstruction/share/event_3d_reconstruction/hook/cmake_prefix_path.dsv'
[12.696s] INFO:colcon.colcon_core.shell:Creating environment hook '/home/ryan/Documents/MIRS/Thesis/3Dreconstruction/install/event_3d_reconstruction/share/event_3d_reconstruction/hook/cmake_prefix_path.sh'
[12.697s] Level 1:colcon.colcon_core.environment:checking '/home/ryan/Documents/MIRS/Thesis/3Dreconstruction/install/event_3d_reconstruction/lib'
[12.697s] Level 1:colcon.colcon_core.environment:checking '/home/ryan/Documents/MIRS/Thesis/3Dreconstruction/install/event_3d_reconstruction/bin'
[12.697s] Level 1:colcon.colcon_core.environment:checking '/home/ryan/Documents/MIRS/Thesis/3Dreconstruction/install/event_3d_reconstruction/lib/pkgconfig/event_3d_reconstruction.pc'
[12.698s] Level 1:colcon.colcon_core.environment:checking '/home/ryan/Documents/MIRS/Thesis/3Dreconstruction/install/event_3d_reconstruction/lib/python3.12/site-packages'
[12.699s] Level 1:colcon.colcon_core.environment:checking '/home/ryan/Documents/MIRS/Thesis/3Dreconstruction/install/event_3d_reconstruction/bin'
[12.699s] INFO:colcon.colcon_core.shell:Creating package script '/home/ryan/Documents/MIRS/Thesis/3Dreconstruction/install/event_3d_reconstruction/share/event_3d_reconstruction/package.ps1'
[12.701s] INFO:colcon.colcon_core.shell:Creating package descriptor '/home/ryan/Documents/MIRS/Thesis/3Dreconstruction/install/event_3d_reconstruction/share/event_3d_reconstruction/package.dsv'
[12.702s] INFO:colcon.colcon_core.shell:Creating package script '/home/ryan/Documents/MIRS/Thesis/3Dreconstruction/install/event_3d_reconstruction/share/event_3d_reconstruction/package.sh'
[12.704s] INFO:colcon.colcon_core.shell:Creating package script '/home/ryan/Documents/MIRS/Thesis/3Dreconstruction/install/event_3d_reconstruction/share/event_3d_reconstruction/package.bash'
[12.705s] INFO:colcon.colcon_core.shell:Creating package script '/home/ryan/Documents/MIRS/Thesis/3Dreconstruction/install/event_3d_reconstruction/share/event_3d_reconstruction/package.zsh'
[12.706s] Level 1:colcon.colcon_core.environment:create_file_with_runtime_dependencies(/home/ryan/Documents/MIRS/Thesis/3Dreconstruction/install/event_3d_reconstruction/share/colcon-core/packages/event_3d_reconstruction)
[12.707s] DEBUG:colcon.colcon_parallel_executor.executor.parallel:closing loop
[12.708s] DEBUG:colcon.colcon_parallel_executor.executor.parallel:loop closed
[12.708s] DEBUG:colcon.colcon_parallel_executor.executor.parallel:run_until_complete finished with '0'
[12.708s] DEBUG:colcon.colcon_core.event_reactor:joining thread
[12.730s] INFO:colcon.colcon_core.plugin_system:Skipping extension 'colcon_notification.desktop_notification.terminal_notifier': Not used on non-Darwin systems
[12.730s] INFO:colcon.colcon_core.plugin_system:Skipping extension 'colcon_notification.desktop_notification.win32': Not used on non-Windows systems
[12.731s] INFO:colcon.colcon_notification.desktop_notification:Sending desktop notification using 'notify2'
[12.761s] DEBUG:colcon.colcon_core.event_reactor:joined thread
[12.762s] INFO:colcon.colcon_core.shell:Creating prefix script '/home/ryan/Documents/MIRS/Thesis/3Dreconstruction/install/local_setup.ps1'
[12.764s] INFO:colcon.colcon_core.shell:Creating prefix util module '/home/ryan/Documents/MIRS/Thesis/3Dreconstruction/install/_local_setup_util_ps1.py'
[12.767s] INFO:colcon.colcon_core.shell:Creating prefix chain script '/home/ryan/Documents/MIRS/Thesis/3Dreconstruction/install/setup.ps1'
[12.772s] INFO:colcon.colcon_core.shell:Creating prefix script '/home/ryan/Documents/MIRS/Thesis/3Dreconstruction/install/local_setup.sh'
[12.773s] INFO:colcon.colcon_core.shell:Creating prefix util module '/home/ryan/Documents/MIRS/Thesis/3Dreconstruction/install/_local_setup_util_sh.py'
[12.774s] INFO:colcon.colcon_core.shell:Creating prefix chain script '/home/ryan/Documents/MIRS/Thesis/3Dreconstruction/install/setup.sh'
[12.779s] INFO:colcon.colcon_core.shell:Creating prefix script '/home/ryan/Documents/MIRS/Thesis/3Dreconstruction/install/local_setup.bash'
[12.780s] INFO:colcon.colcon_core.shell:Creating prefix chain script '/home/ryan/Documents/MIRS/Thesis/3Dreconstruction/install/setup.bash'
[12.785s] INFO:colcon.colcon_core.shell:Creating prefix script '/home/ryan/Documents/MIRS/Thesis/3Dreconstruction/install/local_setup.zsh'
[12.786s] INFO:colcon.colcon_core.shell:Creating prefix chain script '/home/ryan/Documents/MIRS/Thesis/3Dreconstruction/install/setup.zsh'
