[0.009s] Invoking command in '/home/ryan/Documents/MIRS/Thesis/3Dreconstruction/build/event_3d_reconstruction': CMAKE_PREFIX_PATH=${CMAKE_PREFIX_PATH}:/opt/ros/jazzy:/home/ryan/workshop_ws/install/easynav_common:/home/ryan/workshop_ws/install/easynav_tools:/home/ryan/workshop_ws/install/easynav_support_py DEBUGINFOD_URLS=https://debuginfod.ubuntu.com /usr/bin/cmake --build /home/ryan/Documents/MIRS/Thesis/3Dreconstruction/build/event_3d_reconstruction -- -j16 -l16
[0.037s] -- Found ament_cmake: 2.5.6 (/opt/ros/jazzy/share/ament_cmake/cmake)
[0.205s] -- Found rclcpp: 28.1.18 (/opt/ros/jazzy/share/rclcpp/cmake)
[0.225s] -- Found rosidl_generator_c: 4.6.7 (/opt/ros/jazzy/share/rosidl_generator_c/cmake)
[0.231s] -- Found rosidl_generator_cpp: 4.6.7 (/opt/ros/jazzy/share/rosidl_generator_cpp/cmake)
[0.240s] -- Using all available rosidl_typesupport_c: rosidl_typesupport_fastrtps_c;rosidl_typesupport_introspection_c
[0.251s] -- Using all available rosidl_typesupport_cpp: rosidl_typesupport_fastrtps_cpp;rosidl_typesupport_introspection_cpp
[0.296s] -- Found rmw_implementation_cmake: 7.3.3 (/opt/ros/jazzy/share/rmw_implementation_cmake/cmake)
[0.299s] -- Found rmw_fastrtps_cpp: 8.4.3 (/opt/ros/jazzy/share/rmw_fastrtps_cpp/cmake)
[0.356s] -- Using RMW implementation 'rmw_fastrtps_cpp' as default
[0.403s] -- Found rosbag2_cpp: 0.26.10 (/opt/ros/jazzy/share/rosbag2_cpp/cmake)
[0.413s] -- Setting yaml-cpp_DIR to: '/opt/ros/jazzy/share/yaml_cpp_vendor/cmake/../../../opt/yaml_cpp_vendor/share/cmake/yaml-cpp'
[0.414s] -- Found event_camera_msgs: 2.0.1 (/opt/ros/jazzy/share/event_camera_msgs/cmake)
[0.437s] -- Found event_camera_codecs: 3.0.0 (/opt/ros/jazzy/share/event_camera_codecs/cmake)
[0.440s] -- Found image_geometry: 4.1.0 (/opt/ros/jazzy/share/image_geometry/cmake)
[0.491s] [33mCMake Warning (dev) at /usr/lib/x86_64-linux-gnu/cmake/pcl/Modules/FindFLANN.cmake:45 (find_package):
[0.491s]   Policy CMP0144 is not set: find_package uses upper-case <PACKAGENAME>_ROOT
[0.491s]   variables.  Run "cmake --help-policy CMP0144" for policy details.  Use the
[0.491s]   cmake_policy command to set the policy and suppress this warning.
[0.492s] 
[0.492s]   CMake variable FLANN_ROOT is set to:
[0.492s] 
[0.492s]     /usr
[0.492s] 
[0.492s]   For compatibility, find_package is ignoring the variable, but code in a
[0.492s]   .cmake module might still use it.
[0.492s] Call Stack (most recent call first):
[0.492s]   /usr/lib/x86_64-linux-gnu/cmake/pcl/PCLConfig.cmake:261 (find_package)
[0.492s]   /usr/lib/x86_64-linux-gnu/cmake/pcl/PCLConfig.cmake:306 (find_flann)
[0.493s]   /usr/lib/x86_64-linux-gnu/cmake/pcl/PCLConfig.cmake:570 (find_external_library)
[0.493s]   CMakeLists.txt:23 (find_package)
[0.493s] This warning is for project developers.  Use -Wno-dev to suppress it.
[0.493s] [0m
[0.493s] -- Found flann version 1.9.2
[0.899s] -- OpenNI found (version: 1.5.4.0, include: /usr/include/ni, lib: /usr/lib/libOpenNI.so;libusb::libusb)
[0.906s] -- OpenNI2 found (version: 2.2.0.33, include: /usr/include/openni2, lib: /usr/lib/x86_64-linux-gnu/libOpenNI2.so;libusb::libusb)
[0.909s] [0m** WARNING ** io features related to pcap will be disabled[0m
[0.909s] -- Could NOT find Pcap (missing: PCAP_LIBRARIES PCAP_INCLUDE_DIRS) 
[1.319s] -- OpenNI found (version: 1.5.4.0, include: /usr/include/ni, lib: /usr/lib/libOpenNI.so;libusb::libusb)
[1.324s] -- OpenNI2 found (version: 2.2.0.33, include: /usr/include/openni2, lib: /usr/lib/x86_64-linux-gnu/libOpenNI2.so;libusb::libusb)
[1.689s] -- Found Qhull version 8.0.2
[2.075s] -- OpenNI found (version: 1.5.4.0, include: /usr/include/ni, lib: /usr/lib/libOpenNI.so;libusb::libusb)
[2.460s] -- looking for PCL_COMMON
[2.460s] -- looking for PCL_KDTREE
[2.461s] -- looking for PCL_OCTREE
[2.461s] -- looking for PCL_SEARCH
[2.461s] -- looking for PCL_SAMPLE_CONSENSUS
[2.461s] -- looking for PCL_FILTERS
[2.462s] -- looking for PCL_2D
[2.462s] -- looking for PCL_GEOMETRY
[2.462s] -- looking for PCL_IO
[2.463s] -- looking for PCL_FEATURES
[2.463s] -- looking for PCL_ML
[2.463s] -- looking for PCL_SEGMENTATION
[2.463s] -- looking for PCL_VISUALIZATION
[2.464s] -- looking for PCL_SURFACE
[2.464s] -- looking for PCL_REGISTRATION
[2.464s] -- looking for PCL_KEYPOINTS
[2.465s] -- looking for PCL_TRACKING
[2.465s] -- looking for PCL_RECOGNITION
[2.466s] -- looking for PCL_STEREO
[2.466s] -- looking for PCL_APPS
[2.467s] -- looking for PCL_IN_HAND_SCANNER
[2.467s] -- looking for PCL_MODELER
[2.467s] -- looking for PCL_POINT_CLOUD_EDITOR
[2.467s] -- looking for PCL_OUTOFCORE
[2.467s] -- looking for PCL_PEOPLE
[2.540s] -- Found GSL: /usr/include (found version "2.7.1") 
[2.607s] -- Configuring done (2.6s)
[2.633s] -- Generating done (0.0s)
[2.639s] -- Build files have been written to: /home/ryan/Documents/MIRS/Thesis/3Dreconstruction/build/event_3d_reconstruction
[2.689s] [ 33%] [32mBuilding CXX object CMakeFiles/test_rec.dir/src/test_rec.cpp.o[0m
[2.689s] [ 33%] [32mBuilding CXX object CMakeFiles/check_sync.dir/src/check_sync.cpp.o[0m
[2.695s] [ 50%] [32mBuilding CXX object CMakeFiles/triangulate.dir/src/triangulate.cpp.o[0m
[4.397s] [01m[K/home/ryan/Documents/MIRS/Thesis/3Dreconstruction/src/src/check_sync.cpp:[m[K In function ‘[01m[Kint[01;32m[K main[m[K(int, char**)[m[K’:
[4.397s] [01m[K/home/ryan/Documents/MIRS/Thesis/3Dreconstruction/src/src/check_sync.cpp:68:36:[m[K [01;35m[Kwarning: [m[Kvariable ‘[01m[Klatest_ros_master[m[K’ set but not used [[01;35m[K]8;;https://gcc.gnu.org/onlinedocs/gcc/Warning-Options.html#index-Wunused-but-set-variable-Wunused-but-set-variable]8;;[m[K]
[4.397s]    68 |     uint64_t first_ros_master = 0, [01;35m[Klatest_ros_master[m[K = 0;
[4.397s]       |                                    [01;35m[K^~~~~~~~~~~~~~~~~[m[K
[4.397s] [01m[K/home/ryan/Documents/MIRS/Thesis/3Dreconstruction/src/src/check_sync.cpp:69:35:[m[K [01;35m[Kwarning: [m[Kvariable ‘[01m[Klatest_ros_slave[m[K’ set but not used [[01;35m[K]8;;https://gcc.gnu.org/onlinedocs/gcc/Warning-Options.html#index-Wunused-but-set-variable-Wunused-but-set-variable]8;;[m[K]
[4.397s]    69 |     uint64_t first_ros_slave = 0, [01;35m[Klatest_ros_slave[m[K = 0;
[4.397s]       |                                   [01;35m[K^~~~~~~~~~~~~~~~[m[K
[5.706s] [ 66%] [32m[1mLinking CXX executable check_sync[0m
[5.825s] [ 66%] Built target check_sync
[8.752s] [ 83%] [32m[1mLinking CXX executable test_rec[0m
[9.152s] [ 83%] Built target test_rec
[10.909s] [100%] [32m[1mLinking CXX executable triangulate[0m
[11.095s] [100%] Built target triangulate
[11.107s] Invoked command in '/home/ryan/Documents/MIRS/Thesis/3Dreconstruction/build/event_3d_reconstruction' returned '0': CMAKE_PREFIX_PATH=${CMAKE_PREFIX_PATH}:/opt/ros/jazzy:/home/ryan/workshop_ws/install/easynav_common:/home/ryan/workshop_ws/install/easynav_tools:/home/ryan/workshop_ws/install/easynav_support_py DEBUGINFOD_URLS=https://debuginfod.ubuntu.com /usr/bin/cmake --build /home/ryan/Documents/MIRS/Thesis/3Dreconstruction/build/event_3d_reconstruction -- -j16 -l16
[11.121s] Invoking command in '/home/ryan/Documents/MIRS/Thesis/3Dreconstruction/build/event_3d_reconstruction': CMAKE_PREFIX_PATH=${CMAKE_PREFIX_PATH}:/opt/ros/jazzy:/home/ryan/workshop_ws/install/easynav_common:/home/ryan/workshop_ws/install/easynav_tools:/home/ryan/workshop_ws/install/easynav_support_py DEBUGINFOD_URLS=https://debuginfod.ubuntu.com /usr/bin/cmake --install /home/ryan/Documents/MIRS/Thesis/3Dreconstruction/build/event_3d_reconstruction
[11.133s] -- Install configuration: ""
[11.134s] -- Installing: /home/ryan/Documents/MIRS/Thesis/3Dreconstruction/install/event_3d_reconstruction/lib/event_3d_reconstruction/test_rec
[11.134s] -- Set non-toolchain portion of runtime path of "/home/ryan/Documents/MIRS/Thesis/3Dreconstruction/install/event_3d_reconstruction/lib/event_3d_reconstruction/test_rec" to ""
[11.134s] -- Installing: /home/ryan/Documents/MIRS/Thesis/3Dreconstruction/install/event_3d_reconstruction/lib/event_3d_reconstruction/triangulate
[11.134s] -- Set non-toolchain portion of runtime path of "/home/ryan/Documents/MIRS/Thesis/3Dreconstruction/install/event_3d_reconstruction/lib/event_3d_reconstruction/triangulate" to ""
[11.135s] -- Installing: /home/ryan/Documents/MIRS/Thesis/3Dreconstruction/install/event_3d_reconstruction/lib/event_3d_reconstruction/check_sync
[11.135s] -- Set non-toolchain portion of runtime path of "/home/ryan/Documents/MIRS/Thesis/3Dreconstruction/install/event_3d_reconstruction/lib/event_3d_reconstruction/check_sync" to ""
[11.135s] -- Installing: /home/ryan/Documents/MIRS/Thesis/3Dreconstruction/install/event_3d_reconstruction/share/ament_index/resource_index/package_run_dependencies/event_3d_reconstruction
[11.135s] -- Installing: /home/ryan/Documents/MIRS/Thesis/3Dreconstruction/install/event_3d_reconstruction/share/ament_index/resource_index/parent_prefix_path/event_3d_reconstruction
[11.136s] -- Installing: /home/ryan/Documents/MIRS/Thesis/3Dreconstruction/install/event_3d_reconstruction/share/event_3d_reconstruction/environment/ament_prefix_path.sh
[11.136s] -- Installing: /home/ryan/Documents/MIRS/Thesis/3Dreconstruction/install/event_3d_reconstruction/share/event_3d_reconstruction/environment/ament_prefix_path.dsv
[11.136s] -- Installing: /home/ryan/Documents/MIRS/Thesis/3Dreconstruction/install/event_3d_reconstruction/share/event_3d_reconstruction/environment/path.sh
[11.136s] -- Installing: /home/ryan/Documents/MIRS/Thesis/3Dreconstruction/install/event_3d_reconstruction/share/event_3d_reconstruction/environment/path.dsv
[11.136s] -- Installing: /home/ryan/Documents/MIRS/Thesis/3Dreconstruction/install/event_3d_reconstruction/share/event_3d_reconstruction/local_setup.bash
[11.136s] -- Installing: /home/ryan/Documents/MIRS/Thesis/3Dreconstruction/install/event_3d_reconstruction/share/event_3d_reconstruction/local_setup.sh
[11.137s] -- Installing: /home/ryan/Documents/MIRS/Thesis/3Dreconstruction/install/event_3d_reconstruction/share/event_3d_reconstruction/local_setup.zsh
[11.137s] -- Installing: /home/ryan/Documents/MIRS/Thesis/3Dreconstruction/install/event_3d_reconstruction/share/event_3d_reconstruction/local_setup.dsv
[11.137s] -- Installing: /home/ryan/Documents/MIRS/Thesis/3Dreconstruction/install/event_3d_reconstruction/share/event_3d_reconstruction/package.dsv
[11.138s] -- Installing: /home/ryan/Documents/MIRS/Thesis/3Dreconstruction/install/event_3d_reconstruction/share/ament_index/resource_index/packages/event_3d_reconstruction
[11.139s] -- Installing: /home/ryan/Documents/MIRS/Thesis/3Dreconstruction/install/event_3d_reconstruction/share/event_3d_reconstruction/cmake/event_3d_reconstructionConfig.cmake
[11.139s] -- Installing: /home/ryan/Documents/MIRS/Thesis/3Dreconstruction/install/event_3d_reconstruction/share/event_3d_reconstruction/cmake/event_3d_reconstructionConfig-version.cmake
[11.139s] -- Installing: /home/ryan/Documents/MIRS/Thesis/3Dreconstruction/install/event_3d_reconstruction/share/event_3d_reconstruction/package.xml
[11.139s] Invoked command in '/home/ryan/Documents/MIRS/Thesis/3Dreconstruction/build/event_3d_reconstruction' returned '0': CMAKE_PREFIX_PATH=${CMAKE_PREFIX_PATH}:/opt/ros/jazzy:/home/ryan/workshop_ws/install/easynav_common:/home/ryan/workshop_ws/install/easynav_tools:/home/ryan/workshop_ws/install/easynav_support_py DEBUGINFOD_URLS=https://debuginfod.ubuntu.com /usr/bin/cmake --install /home/ryan/Documents/MIRS/Thesis/3Dreconstruction/build/event_3d_reconstruction
