[0.137s] DEBUG:colcon:Command line arguments: ['/usr/bin/colcon', 'build', '--packages-select', 'event_3d_reconstruction', '--symlink-install']
[0.137s] DEBUG:colcon:Parsed command line arguments: Namespace(log_base=None, log_level=None, verb_name='build', build_base='build', install_base='install', merge_install=False, symlink_install=True, test_result_base=None, continue_on_error=False, executor='parallel', parallel_workers=16, event_handlers=None, ignore_user_meta=False, metas=['./colcon.meta'], base_paths=['.'], packages_ignore=None, packages_ignore_regex=None, paths=None, packages_up_to=None, packages_up_to_regex=None, packages_above=None, packages_above_and_dependencies=None, packages_above_depth=None, packages_select_by_dep=None, packages_skip_by_dep=None, packages_skip_up_to=None, packages_select_build_failed=False, packages_skip_build_finished=False, packages_select_test_failures=False, packages_skip_test_passed=False, packages_select=['event_3d_reconstruction'], packages_skip=None, packages_select_regex=None, packages_skip_regex=None, packages_start=None, packages_end=None, allow_overriding=[], cmake_args=None, cmake_target=None, cmake_target_skip_unavailable=False, cmake_clean_cache=False, cmake_clean_first=False, cmake_force_configure=False, ament_cmake_args=None, catkin_cmake_args=None, catkin_skip_building_tests=False, mixin_files=None, mixin=None, verb_parser=<colcon_mixin.mixin.mixin_argument.MixinArgumentDecorator object at 0x73855af9b9b0>, verb_extension=<colcon_core.verb.build.BuildVerb object at 0x73855af9b6b0>, main=<bound method BuildVerb.main of <colcon_core.verb.build.BuildVerb object at 0x73855af9b6b0>>, mixin_verb=('build',))
[0.181s] Level 1:colcon.colcon_core.package_discovery:discover_packages(colcon_meta) check parameters
[0.181s] Level 1:colcon.colcon_core.package_discovery:discover_packages(recursive) check parameters
[0.181s] Level 1:colcon.colcon_core.package_discovery:discover_packages(ignore) check parameters
[0.181s] Level 1:colcon.colcon_core.package_discovery:discover_packages(path) check parameters
[0.181s] Level 1:colcon.colcon_core.package_discovery:discover_packages(colcon_meta) discover
[0.181s] Level 1:colcon.colcon_core.package_discovery:discover_packages(recursive) discover
[0.181s] INFO:colcon.colcon_core.package_discovery:Crawling recursively for packages in '/home/ryan/Documents/MIRS/Thesis/3Dreconstruction'
[0.181s] Level 1:colcon.colcon_core.package_identification:_identify(.) by extensions ['ignore', 'ignore_ament_install']
[0.181s] Level 1:colcon.colcon_core.package_identification:_identify(.) by extension 'ignore'
[0.181s] Level 1:colcon.colcon_core.package_identification:_identify(.) by extension 'ignore_ament_install'
[0.181s] Level 1:colcon.colcon_core.package_identification:_identify(.) by extensions ['colcon_pkg']
[0.181s] Level 1:colcon.colcon_core.package_identification:_identify(.) by extension 'colcon_pkg'
[0.182s] Level 1:colcon.colcon_core.package_identification:_identify(.) by extensions ['colcon_meta']
[0.182s] Level 1:colcon.colcon_core.package_identification:_identify(.) by extension 'colcon_meta'
[0.182s] Level 1:colcon.colcon_core.package_identification:_identify(.) by extensions ['ros']
[0.182s] Level 1:colcon.colcon_core.package_identification:_identify(.) by extension 'ros'
[0.212s] Level 1:colcon.colcon_core.package_identification:_identify(.) by extensions ['cmake', 'python']
[0.212s] Level 1:colcon.colcon_core.package_identification:_identify(.) by extension 'cmake'
[0.212s] Level 1:colcon.colcon_core.package_identification:_identify(.) by extension 'python'
[0.212s] Level 1:colcon.colcon_core.package_identification:_identify(.) by extensions ['python_setup_py']
[0.212s] Level 1:colcon.colcon_core.package_identification:_identify(.) by extension 'python_setup_py'
[0.212s] Level 1:colcon.colcon_core.package_identification:_identify(build) by extensions ['ignore', 'ignore_ament_install']
[0.212s] Level 1:colcon.colcon_core.package_identification:_identify(build) by extension 'ignore'
[0.212s] Level 1:colcon.colcon_core.package_identification:_identify(build) ignored
[0.212s] Level 1:colcon.colcon_core.package_identification:_identify(calib_data) by extensions ['ignore', 'ignore_ament_install']
[0.213s] Level 1:colcon.colcon_core.package_identification:_identify(calib_data) by extension 'ignore'
[0.213s] Level 1:colcon.colcon_core.package_identification:_identify(calib_data) by extension 'ignore_ament_install'
[0.213s] Level 1:colcon.colcon_core.package_identification:_identify(calib_data) by extensions ['colcon_pkg']
[0.213s] Level 1:colcon.colcon_core.package_identification:_identify(calib_data) by extension 'colcon_pkg'
[0.213s] Level 1:colcon.colcon_core.package_identification:_identify(calib_data) by extensions ['colcon_meta']
[0.213s] Level 1:colcon.colcon_core.package_identification:_identify(calib_data) by extension 'colcon_meta'
[0.213s] Level 1:colcon.colcon_core.package_identification:_identify(calib_data) by extensions ['ros']
[0.213s] Level 1:colcon.colcon_core.package_identification:_identify(calib_data) by extension 'ros'
[0.213s] Level 1:colcon.colcon_core.package_identification:_identify(calib_data) by extensions ['cmake', 'python']
[0.213s] Level 1:colcon.colcon_core.package_identification:_identify(calib_data) by extension 'cmake'
[0.213s] Level 1:colcon.colcon_core.package_identification:_identify(calib_data) by extension 'python'
[0.213s] Level 1:colcon.colcon_core.package_identification:_identify(calib_data) by extensions ['python_setup_py']
[0.213s] Level 1:colcon.colcon_core.package_identification:_identify(calib_data) by extension 'python_setup_py'
[0.213s] Level 1:colcon.colcon_core.package_identification:_identify(install) by extensions ['ignore', 'ignore_ament_install']
[0.213s] Level 1:colcon.colcon_core.package_identification:_identify(install) by extension 'ignore'
[0.213s] Level 1:colcon.colcon_core.package_identification:_identify(install) ignored
[0.213s] Level 1:colcon.colcon_core.package_identification:_identify(log) by extensions ['ignore', 'ignore_ament_install']
[0.213s] Level 1:colcon.colcon_core.package_identification:_identify(log) by extension 'ignore'
[0.213s] Level 1:colcon.colcon_core.package_identification:_identify(log) ignored
[0.214s] Level 1:colcon.colcon_core.package_identification:_identify(src) by extensions ['ignore', 'ignore_ament_install']
[0.214s] Level 1:colcon.colcon_core.package_identification:_identify(src) by extension 'ignore'
[0.214s] Level 1:colcon.colcon_core.package_identification:_identify(src) by extension 'ignore_ament_install'
[0.214s] Level 1:colcon.colcon_core.package_identification:_identify(src) by extensions ['colcon_pkg']
[0.214s] Level 1:colcon.colcon_core.package_identification:_identify(src) by extension 'colcon_pkg'
[0.214s] Level 1:colcon.colcon_core.package_identification:_identify(src) by extensions ['colcon_meta']
[0.214s] Level 1:colcon.colcon_core.package_identification:_identify(src) by extension 'colcon_meta'
[0.214s] Level 1:colcon.colcon_core.package_identification:_identify(src) by extensions ['ros']
[0.214s] Level 1:colcon.colcon_core.package_identification:_identify(src) by extension 'ros'
[0.217s] DEBUG:colcon.colcon_core.package_identification:Package 'src' with type 'ros.ament_cmake' and name 'event_3d_reconstruction'
[0.217s] Level 1:colcon.colcon_core.package_discovery:discover_packages(recursive) using defaults
[0.217s] Level 1:colcon.colcon_core.package_discovery:discover_packages(ignore) discover
[0.217s] Level 1:colcon.colcon_core.package_discovery:discover_packages(ignore) using defaults
[0.217s] Level 1:colcon.colcon_core.package_discovery:discover_packages(path) discover
[0.217s] Level 1:colcon.colcon_core.package_discovery:discover_packages(path) using defaults
[0.238s] Level 1:colcon.colcon_core.package_discovery:discover_packages(prefix_path) check parameters
[0.238s] Level 1:colcon.colcon_core.package_discovery:discover_packages(prefix_path) discover
[0.243s] DEBUG:colcon.colcon_installed_package_information.package_discovery:Found 57 installed packages in /home/ryan/workshop_ws/install
[0.244s] DEBUG:colcon.colcon_installed_package_information.package_discovery:Found 292 installed packages in /opt/ros/jazzy
[0.246s] Level 1:colcon.colcon_core.package_discovery:discover_packages(prefix_path) using defaults
[0.291s] Level 5:colcon.colcon_core.verb:set package 'event_3d_reconstruction' build argument 'cmake_args' from command line to 'None'
[0.291s] Level 5:colcon.colcon_core.verb:set package 'event_3d_reconstruction' build argument 'cmake_target' from command line to 'None'
[0.291s] Level 5:colcon.colcon_core.verb:set package 'event_3d_reconstruction' build argument 'cmake_target_skip_unavailable' from command line to 'False'
[0.291s] Level 5:colcon.colcon_core.verb:set package 'event_3d_reconstruction' build argument 'cmake_clean_cache' from command line to 'False'
[0.291s] Level 5:colcon.colcon_core.verb:set package 'event_3d_reconstruction' build argument 'cmake_clean_first' from command line to 'False'
[0.291s] Level 5:colcon.colcon_core.verb:set package 'event_3d_reconstruction' build argument 'cmake_force_configure' from command line to 'False'
[0.291s] Level 5:colcon.colcon_core.verb:set package 'event_3d_reconstruction' build argument 'ament_cmake_args' from command line to 'None'
[0.291s] Level 5:colcon.colcon_core.verb:set package 'event_3d_reconstruction' build argument 'catkin_cmake_args' from command line to 'None'
[0.291s] Level 5:colcon.colcon_core.verb:set package 'event_3d_reconstruction' build argument 'catkin_skip_building_tests' from command line to 'False'
[0.291s] DEBUG:colcon.colcon_core.verb:Building package 'event_3d_reconstruction' with the following arguments: {'ament_cmake_args': None, 'build_base': '/home/ryan/Documents/MIRS/Thesis/3Dreconstruction/build/event_3d_reconstruction', 'catkin_cmake_args': None, 'catkin_skip_building_tests': False, 'cmake_args': None, 'cmake_clean_cache': False, 'cmake_clean_first': False, 'cmake_force_configure': False, 'cmake_target': None, 'cmake_target_skip_unavailable': False, 'install_base': '/home/ryan/Documents/MIRS/Thesis/3Dreconstruction/install/event_3d_reconstruction', 'merge_install': False, 'path': '/home/ryan/Documents/MIRS/Thesis/3Dreconstruction/src', 'symlink_install': True, 'test_result_base': None}
[0.291s] INFO:colcon.colcon_core.executor:Executing jobs using 'parallel' executor
[0.292s] DEBUG:colcon.colcon_parallel_executor.executor.parallel:run_until_complete
[0.292s] INFO:colcon.colcon_ros.task.ament_cmake.build:Building ROS package in '/home/ryan/Documents/MIRS/Thesis/3Dreconstruction/src' with build type 'ament_cmake'
[0.293s] INFO:colcon.colcon_cmake.task.cmake.build:Building CMake package in '/home/ryan/Documents/MIRS/Thesis/3Dreconstruction/src'
[0.295s] INFO:colcon.colcon_core.plugin_system:Skipping extension 'colcon_core.shell.bat': Not used on non-Windows systems
[0.295s] INFO:colcon.colcon_core.shell:Skip shell extension 'powershell' for command environment: Not usable outside of PowerShell
[0.295s] DEBUG:colcon.colcon_core.shell:Skip shell extension 'dsv' for command environment
[0.312s] DEBUG:colcon.colcon_core.event_handler.log_command:Invoking command in '/home/ryan/Documents/MIRS/Thesis/3Dreconstruction/build/event_3d_reconstruction': CMAKE_PREFIX_PATH=${CMAKE_PREFIX_PATH}:/opt/ros/jazzy:/home/ryan/workshop_ws/install/easynav_common:/home/ryan/workshop_ws/install/easynav_tools:/home/ryan/workshop_ws/install/easynav_support_py DEBUGINFOD_URLS=https://debuginfod.ubuntu.com /usr/bin/cmake --build /home/ryan/Documents/MIRS/Thesis/3Dreconstruction/build/event_3d_reconstruction -- -j16 -l16
[9.875s] DEBUG:colcon.colcon_core.event_handler.log_command:Invoked command in '/home/ryan/Documents/MIRS/Thesis/3Dreconstruction/build/event_3d_reconstruction' returned '0': CMAKE_PREFIX_PATH=${CMAKE_PREFIX_PATH}:/opt/ros/jazzy:/home/ryan/workshop_ws/install/easynav_common:/home/ryan/workshop_ws/install/easynav_tools:/home/ryan/workshop_ws/install/easynav_support_py DEBUGINFOD_URLS=https://debuginfod.ubuntu.com /usr/bin/cmake --build /home/ryan/Documents/MIRS/Thesis/3Dreconstruction/build/event_3d_reconstruction -- -j16 -l16
[9.891s] DEBUG:colcon.colcon_core.event_handler.log_command:Invoking command in '/home/ryan/Documents/MIRS/Thesis/3Dreconstruction/build/event_3d_reconstruction': CMAKE_PREFIX_PATH=${CMAKE_PREFIX_PATH}:/opt/ros/jazzy:/home/ryan/workshop_ws/install/easynav_common:/home/ryan/workshop_ws/install/easynav_tools:/home/ryan/workshop_ws/install/easynav_support_py DEBUGINFOD_URLS=https://debuginfod.ubuntu.com /usr/bin/cmake --install /home/ryan/Documents/MIRS/Thesis/3Dreconstruction/build/event_3d_reconstruction
[9.924s] Level 1:colcon.colcon_core.environment:create_environment_scripts_only(event_3d_reconstruction)
[9.924s] DEBUG:colcon.colcon_core.event_handler.log_command:Invoked command in '/home/ryan/Documents/MIRS/Thesis/3Dreconstruction/build/event_3d_reconstruction' returned '0': CMAKE_PREFIX_PATH=${CMAKE_PREFIX_PATH}:/opt/ros/jazzy:/home/ryan/workshop_ws/install/easynav_common:/home/ryan/workshop_ws/install/easynav_tools:/home/ryan/workshop_ws/install/easynav_support_py DEBUGINFOD_URLS=https://debuginfod.ubuntu.com /usr/bin/cmake --install /home/ryan/Documents/MIRS/Thesis/3Dreconstruction/build/event_3d_reconstruction
[9.927s] Level 1:colcon.colcon_core.environment:checking '/home/ryan/Documents/MIRS/Thesis/3Dreconstruction/install/event_3d_reconstruction' for CMake module files
[9.928s] Level 1:colcon.colcon_core.environment:checking '/home/ryan/Documents/MIRS/Thesis/3Dreconstruction/install/event_3d_reconstruction' for CMake config files
[9.928s] Level 1:colcon.colcon_core.shell:create_environment_hook('event_3d_reconstruction', 'cmake_prefix_path')
[9.928s] INFO:colcon.colcon_core.shell:Creating environment hook '/home/ryan/Documents/MIRS/Thesis/3Dreconstruction/install/event_3d_reconstruction/share/event_3d_reconstruction/hook/cmake_prefix_path.ps1'
[9.929s] INFO:colcon.colcon_core.shell:Creating environment descriptor '/home/ryan/Documents/MIRS/Thesis/3Dreconstruction/install/event_3d_reconstruction/share/event_3d_reconstruction/hook/cmake_prefix_path.dsv'
[9.930s] INFO:colcon.colcon_core.shell:Creating environment hook '/home/ryan/Documents/MIRS/Thesis/3Dreconstruction/install/event_3d_reconstruction/share/event_3d_reconstruction/hook/cmake_prefix_path.sh'
[9.931s] Level 1:colcon.colcon_core.environment:checking '/home/ryan/Documents/MIRS/Thesis/3Dreconstruction/install/event_3d_reconstruction/lib'
[9.931s] Level 1:colcon.colcon_core.environment:checking '/home/ryan/Documents/MIRS/Thesis/3Dreconstruction/install/event_3d_reconstruction/bin'
[9.931s] Level 1:colcon.colcon_core.environment:checking '/home/ryan/Documents/MIRS/Thesis/3Dreconstruction/install/event_3d_reconstruction/lib/pkgconfig/event_3d_reconstruction.pc'
[9.932s] Level 1:colcon.colcon_core.environment:checking '/home/ryan/Documents/MIRS/Thesis/3Dreconstruction/install/event_3d_reconstruction/lib/python3.12/site-packages'
[9.932s] Level 1:colcon.colcon_core.environment:checking '/home/ryan/Documents/MIRS/Thesis/3Dreconstruction/install/event_3d_reconstruction/bin'
[9.932s] INFO:colcon.colcon_core.shell:Creating package script '/home/ryan/Documents/MIRS/Thesis/3Dreconstruction/install/event_3d_reconstruction/share/event_3d_reconstruction/package.ps1'
[9.934s] INFO:colcon.colcon_core.shell:Creating package descriptor '/home/ryan/Documents/MIRS/Thesis/3Dreconstruction/install/event_3d_reconstruction/share/event_3d_reconstruction/package.dsv'
[9.935s] INFO:colcon.colcon_core.shell:Creating package script '/home/ryan/Documents/MIRS/Thesis/3Dreconstruction/install/event_3d_reconstruction/share/event_3d_reconstruction/package.sh'
[9.936s] INFO:colcon.colcon_core.shell:Creating package script '/home/ryan/Documents/MIRS/Thesis/3Dreconstruction/install/event_3d_reconstruction/share/event_3d_reconstruction/package.bash'
[9.936s] INFO:colcon.colcon_core.shell:Creating package script '/home/ryan/Documents/MIRS/Thesis/3Dreconstruction/install/event_3d_reconstruction/share/event_3d_reconstruction/package.zsh'
[9.937s] Level 1:colcon.colcon_core.environment:create_file_with_runtime_dependencies(/home/ryan/Documents/MIRS/Thesis/3Dreconstruction/install/event_3d_reconstruction/share/colcon-core/packages/event_3d_reconstruction)
[9.938s] Level 1:colcon.colcon_core.environment:create_environment_scripts_only(event_3d_reconstruction)
[9.938s] Level 1:colcon.colcon_core.environment:checking '/home/ryan/Documents/MIRS/Thesis/3Dreconstruction/install/event_3d_reconstruction' for CMake module files
[9.938s] Level 1:colcon.colcon_core.environment:checking '/home/ryan/Documents/MIRS/Thesis/3Dreconstruction/install/event_3d_reconstruction' for CMake config files
[9.939s] Level 1:colcon.colcon_core.shell:create_environment_hook('event_3d_reconstruction', 'cmake_prefix_path')
[9.939s] INFO:colcon.colcon_core.shell:Creating environment hook '/home/ryan/Documents/MIRS/Thesis/3Dreconstruction/install/event_3d_reconstruction/share/event_3d_reconstruction/hook/cmake_prefix_path.ps1'
[9.939s] INFO:colcon.colcon_core.shell:Creating environment descriptor '/home/ryan/Documents/MIRS/Thesis/3Dreconstruction/install/event_3d_reconstruction/share/event_3d_reconstruction/hook/cmake_prefix_path.dsv'
[9.940s] INFO:colcon.colcon_core.shell:Creating environment hook '/home/ryan/Documents/MIRS/Thesis/3Dreconstruction/install/event_3d_reconstruction/share/event_3d_reconstruction/hook/cmake_prefix_path.sh'
[9.941s] Level 1:colcon.colcon_core.environment:checking '/home/ryan/Documents/MIRS/Thesis/3Dreconstruction/install/event_3d_reconstruction/lib'
[9.941s] Level 1:colcon.colcon_core.environment:checking '/home/ryan/Documents/MIRS/Thesis/3Dreconstruction/install/event_3d_reconstruction/bin'
[9.941s] Level 1:colcon.colcon_core.environment:checking '/home/ryan/Documents/MIRS/Thesis/3Dreconstruction/install/event_3d_reconstruction/lib/pkgconfig/event_3d_reconstruction.pc'
[9.941s] Level 1:colcon.colcon_core.environment:checking '/home/ryan/Documents/MIRS/Thesis/3Dreconstruction/install/event_3d_reconstruction/lib/python3.12/site-packages'
[9.941s] Level 1:colcon.colcon_core.environment:checking '/home/ryan/Documents/MIRS/Thesis/3Dreconstruction/install/event_3d_reconstruction/bin'
[9.942s] INFO:colcon.colcon_core.shell:Creating package script '/home/ryan/Documents/MIRS/Thesis/3Dreconstruction/install/event_3d_reconstruction/share/event_3d_reconstruction/package.ps1'
[9.943s] INFO:colcon.colcon_core.shell:Creating package descriptor '/home/ryan/Documents/MIRS/Thesis/3Dreconstruction/install/event_3d_reconstruction/share/event_3d_reconstruction/package.dsv'
[9.943s] INFO:colcon.colcon_core.shell:Creating package script '/home/ryan/Documents/MIRS/Thesis/3Dreconstruction/install/event_3d_reconstruction/share/event_3d_reconstruction/package.sh'
[9.944s] INFO:colcon.colcon_core.shell:Creating package script '/home/ryan/Documents/MIRS/Thesis/3Dreconstruction/install/event_3d_reconstruction/share/event_3d_reconstruction/package.bash'
[9.944s] INFO:colcon.colcon_core.shell:Creating package script '/home/ryan/Documents/MIRS/Thesis/3Dreconstruction/install/event_3d_reconstruction/share/event_3d_reconstruction/package.zsh'
[9.945s] Level 1:colcon.colcon_core.environment:create_file_with_runtime_dependencies(/home/ryan/Documents/MIRS/Thesis/3Dreconstruction/install/event_3d_reconstruction/share/colcon-core/packages/event_3d_reconstruction)
[9.945s] DEBUG:colcon.colcon_parallel_executor.executor.parallel:closing loop
[9.946s] DEBUG:colcon.colcon_parallel_executor.executor.parallel:loop closed
[9.946s] DEBUG:colcon.colcon_parallel_executor.executor.parallel:run_until_complete finished with '0'
[9.946s] DEBUG:colcon.colcon_core.event_reactor:joining thread
[9.955s] INFO:colcon.colcon_core.plugin_system:Skipping extension 'colcon_notification.desktop_notification.terminal_notifier': Not used on non-Darwin systems
[9.956s] INFO:colcon.colcon_core.plugin_system:Skipping extension 'colcon_notification.desktop_notification.win32': Not used on non-Windows systems
[9.956s] INFO:colcon.colcon_notification.desktop_notification:Sending desktop notification using 'notify2'
[9.991s] DEBUG:colcon.colcon_core.event_reactor:joined thread
[9.991s] INFO:colcon.colcon_core.shell:Creating prefix script '/home/ryan/Documents/MIRS/Thesis/3Dreconstruction/install/local_setup.ps1'
[9.993s] INFO:colcon.colcon_core.shell:Creating prefix util module '/home/ryan/Documents/MIRS/Thesis/3Dreconstruction/install/_local_setup_util_ps1.py'
[9.995s] INFO:colcon.colcon_core.shell:Creating prefix chain script '/home/ryan/Documents/MIRS/Thesis/3Dreconstruction/install/setup.ps1'
[9.999s] INFO:colcon.colcon_core.shell:Creating prefix script '/home/ryan/Documents/MIRS/Thesis/3Dreconstruction/install/local_setup.sh'
[10.000s] INFO:colcon.colcon_core.shell:Creating prefix util module '/home/ryan/Documents/MIRS/Thesis/3Dreconstruction/install/_local_setup_util_sh.py'
[10.000s] INFO:colcon.colcon_core.shell:Creating prefix chain script '/home/ryan/Documents/MIRS/Thesis/3Dreconstruction/install/setup.sh'
[10.004s] INFO:colcon.colcon_core.shell:Creating prefix script '/home/ryan/Documents/MIRS/Thesis/3Dreconstruction/install/local_setup.bash'
[10.005s] INFO:colcon.colcon_core.shell:Creating prefix chain script '/home/ryan/Documents/MIRS/Thesis/3Dreconstruction/install/setup.bash'
[10.008s] INFO:colcon.colcon_core.shell:Creating prefix script '/home/ryan/Documents/MIRS/Thesis/3Dreconstruction/install/local_setup.zsh'
[10.009s] INFO:colcon.colcon_core.shell:Creating prefix chain script '/home/ryan/Documents/MIRS/Thesis/3Dreconstruction/install/setup.zsh'
