[0.012s] Invoking command in '/home/ryan/Documents/MIRS/Thesis/3Dreconstruction/build/event_3d_reconstruction': CMAKE_PREFIX_PATH=${CMAKE_PREFIX_PATH}:/opt/ros/jazzy:/home/ryan/workshop_ws/install/easynav_common:/home/ryan/workshop_ws/install/easynav_tools:/home/ryan/workshop_ws/install/easynav_support_py DEBUGINFOD_URLS=https://debuginfod.ubuntu.com /usr/bin/cmake --build /home/ryan/Documents/MIRS/Thesis/3Dreconstruction/build/event_3d_reconstruction -- -j16 -l16
[0.069s] [ 33%] Built target test_rec
[0.071s] [ 50%] [32mBuilding CXX object CMakeFiles/triangulate.dir/src/triangulate.cpp.o[0m
[0.074s] [ 83%] Built target check_sync
[8.263s] [100%] [32m[1mLinking CXX executable triangulate[0m
[8.473s] [100%] Built target triangulate
[8.487s] Invoked command in '/home/ryan/Documents/MIRS/Thesis/3Dreconstruction/build/event_3d_reconstruction' returned '0': CMAKE_PREFIX_PATH=${CMAKE_PREFIX_PATH}:/opt/ros/jazzy:/home/ryan/workshop_ws/install/easynav_common:/home/ryan/workshop_ws/install/easynav_tools:/home/ryan/workshop_ws/install/easynav_support_py DEBUGINFOD_URLS=https://debuginfod.ubuntu.com /usr/bin/cmake --build /home/ryan/Documents/MIRS/Thesis/3Dreconstruction/build/event_3d_reconstruction -- -j16 -l16
[8.498s] Invoking command in '/home/ryan/Documents/MIRS/Thesis/3Dreconstruction/build/event_3d_reconstruction': CMAKE_PREFIX_PATH=${CMAKE_PREFIX_PATH}:/opt/ros/jazzy:/home/ryan/workshop_ws/install/easynav_common:/home/ryan/workshop_ws/install/easynav_tools:/home/ryan/workshop_ws/install/easynav_support_py DEBUGINFOD_URLS=https://debuginfod.ubuntu.com /usr/bin/cmake --install /home/ryan/Documents/MIRS/Thesis/3Dreconstruction/build/event_3d_reconstruction
[8.505s] -- Install configuration: ""
[8.506s] -- Up-to-date: /home/ryan/Documents/MIRS/Thesis/3Dreconstruction/install/event_3d_reconstruction/lib/event_3d_reconstruction/test_rec
[8.506s] -- Installing: /home/ryan/Documents/MIRS/Thesis/3Dreconstruction/install/event_3d_reconstruction/lib/event_3d_reconstruction/triangulate
[8.507s] -- Set non-toolchain portion of runtime path of "/home/ryan/Documents/MIRS/Thesis/3Dreconstruction/install/event_3d_reconstruction/lib/event_3d_reconstruction/triangulate" to ""
[8.507s] -- Up-to-date: /home/ryan/Documents/MIRS/Thesis/3Dreconstruction/install/event_3d_reconstruction/lib/event_3d_reconstruction/check_sync
[8.507s] -- Up-to-date: /home/ryan/Documents/MIRS/Thesis/3Dreconstruction/install/event_3d_reconstruction/share/ament_index/resource_index/package_run_dependencies/event_3d_reconstruction
[8.507s] -- Up-to-date: /home/ryan/Documents/MIRS/Thesis/3Dreconstruction/install/event_3d_reconstruction/share/ament_index/resource_index/parent_prefix_path/event_3d_reconstruction
[8.507s] -- Up-to-date: /home/ryan/Documents/MIRS/Thesis/3Dreconstruction/install/event_3d_reconstruction/share/event_3d_reconstruction/environment/ament_prefix_path.sh
[8.507s] -- Up-to-date: /home/ryan/Documents/MIRS/Thesis/3Dreconstruction/install/event_3d_reconstruction/share/event_3d_reconstruction/environment/ament_prefix_path.dsv
[8.507s] -- Up-to-date: /home/ryan/Documents/MIRS/Thesis/3Dreconstruction/install/event_3d_reconstruction/share/event_3d_reconstruction/environment/path.sh
[8.507s] -- Up-to-date: /home/ryan/Documents/MIRS/Thesis/3Dreconstruction/install/event_3d_reconstruction/share/event_3d_reconstruction/environment/path.dsv
[8.508s] -- Up-to-date: /home/ryan/Documents/MIRS/Thesis/3Dreconstruction/install/event_3d_reconstruction/share/event_3d_reconstruction/local_setup.bash
[8.508s] -- Up-to-date: /home/ryan/Documents/MIRS/Thesis/3Dreconstruction/install/event_3d_reconstruction/share/event_3d_reconstruction/local_setup.sh
[8.508s] -- Up-to-date: /home/ryan/Documents/MIRS/Thesis/3Dreconstruction/install/event_3d_reconstruction/share/event_3d_reconstruction/local_setup.zsh
[8.508s] -- Up-to-date: /home/ryan/Documents/MIRS/Thesis/3Dreconstruction/install/event_3d_reconstruction/share/event_3d_reconstruction/local_setup.dsv
[8.508s] -- Installing: /home/ryan/Documents/MIRS/Thesis/3Dreconstruction/install/event_3d_reconstruction/share/event_3d_reconstruction/package.dsv
[8.508s] -- Up-to-date: /home/ryan/Documents/MIRS/Thesis/3Dreconstruction/install/event_3d_reconstruction/share/ament_index/resource_index/packages/event_3d_reconstruction
[8.508s] -- Up-to-date: /home/ryan/Documents/MIRS/Thesis/3Dreconstruction/install/event_3d_reconstruction/share/event_3d_reconstruction/cmake/event_3d_reconstructionConfig.cmake
[8.508s] -- Up-to-date: /home/ryan/Documents/MIRS/Thesis/3Dreconstruction/install/event_3d_reconstruction/share/event_3d_reconstruction/cmake/event_3d_reconstructionConfig-version.cmake
[8.508s] -- Up-to-date: /home/ryan/Documents/MIRS/Thesis/3Dreconstruction/install/event_3d_reconstruction/share/event_3d_reconstruction/package.xml
[8.510s] Invoked command in '/home/ryan/Documents/MIRS/Thesis/3Dreconstruction/build/event_3d_reconstruction' returned '0': CMAKE_PREFIX_PATH=${CMAKE_PREFIX_PATH}:/opt/ros/jazzy:/home/ryan/workshop_ws/install/easynav_common:/home/ryan/workshop_ws/install/easynav_tools:/home/ryan/workshop_ws/install/easynav_support_py DEBUGINFOD_URLS=https://debuginfod.ubuntu.com /usr/bin/cmake --install /home/ryan/Documents/MIRS/Thesis/3Dreconstruction/build/event_3d_reconstruction
