[33mCMake Warning (dev) at /usr/lib/x86_64-linux-gnu/cmake/pcl/Modules/FindFLANN.cmake:45 (find_package):
  Policy CMP0144 is not set: find_package uses upper-case <PACKAGENAME>_ROOT
  variables.  Run "cmake --help-policy CMP0144" for policy details.  Use the
  cmake_policy command to set the policy and suppress this warning.

  CMake variable FLANN_ROOT is set to:

    /usr

  For compatibility, find_package is ignoring the variable, but code in a
  .cmake module might still use it.
Call Stack (most recent call first):
  /usr/lib/x86_64-linux-gnu/cmake/pcl/PCLConfig.cmake:261 (find_package)
  /usr/lib/x86_64-linux-gnu/cmake/pcl/PCLConfig.cmake:306 (find_flann)
  /usr/lib/x86_64-linux-gnu/cmake/pcl/PCLConfig.cmake:570 (find_external_library)
  CMakeLists.txt:66 (find_package)
This warning is for project developers.  Use -Wno-dev to suppress it.
[0m
[0m** WARNING ** io features related to pcap will be disabled[0m
/usr/bin/ld: CMakeFiles/triangulate.dir/src/triangulate.cpp.o: in function `void jir_refractive_image_geometry::point_on_inside_of_refractive_plane_analytic<Eigen::Matrix<double, 3, 1, 0, 3, 1> >(Eigen::MatrixBase<Eigen::Matrix<double, 3, 1, 0, 3, 1> > const&, jir_refractive_image_geometry_msgs::PlanarRefractionInfo const&, Eigen::MatrixBase<Eigen::Matrix<double, 3, 1, 0, 3, 1> >&)':
triangulate.cpp:(.text._ZN29jir_refractive_image_geometry44point_on_inside_of_refractive_plane_analyticIN5Eigen6MatrixIdLi3ELi1ELi0ELi3ELi1EEEEEvRKNS1_10MatrixBaseIT_EERKN34jir_refractive_image_geometry_msgs20PlanarRefractionInfoERS6_[_ZN29jir_refractive_image_geometry44point_on_inside_of_refractive_plane_analyticIN5Eigen6MatrixIdLi3ELi1ELi0ELi3ELi1EEEEEvRKNS1_10MatrixBaseIT_EERKN34jir_refractive_image_geometry_msgs20PlanarRefractionInfoERS6_]+0xa5d): undefined reference to `gsl_poly_complex_workspace_alloc'
/usr/bin/ld: triangulate.cpp:(.text._ZN29jir_refractive_image_geometry44point_on_inside_of_refractive_plane_analyticIN5Eigen6MatrixIdLi3ELi1ELi0ELi3ELi1EEEEEvRKNS1_10MatrixBaseIT_EERKN34jir_refractive_image_geometry_msgs20PlanarRefractionInfoERS6_[_ZN29jir_refractive_image_geometry44point_on_inside_of_refractive_plane_analyticIN5Eigen6MatrixIdLi3ELi1ELi0ELi3ELi1EEEEEvRKNS1_10MatrixBaseIT_EERKN34jir_refractive_image_geometry_msgs20PlanarRefractionInfoERS6_]+0xad2): undefined reference to `gsl_poly_complex_solve'
/usr/bin/ld: triangulate.cpp:(.text._ZN29jir_refractive_image_geometry44point_on_inside_of_refractive_plane_analyticIN5Eigen6MatrixIdLi3ELi1ELi0ELi3ELi1EEEEEvRKNS1_10MatrixBaseIT_EERKN34jir_refractive_image_geometry_msgs20PlanarRefractionInfoERS6_[_ZN29jir_refractive_image_geometry44point_on_inside_of_refractive_plane_analyticIN5Eigen6MatrixIdLi3ELi1ELi0ELi3ELi1EEEEEvRKNS1_10MatrixBaseIT_EERKN34jir_refractive_image_geometry_msgs20PlanarRefractionInfoERS6_]+0xada): undefined reference to `gsl_poly_complex_workspace_free'
/usr/bin/ld: triangulate.cpp:(.text._ZN29jir_refractive_image_geometry44point_on_inside_of_refractive_plane_analyticIN5Eigen6MatrixIdLi3ELi1ELi0ELi3ELi1EEEEEvRKNS1_10MatrixBaseIT_EERKN34jir_refractive_image_geometry_msgs20PlanarRefractionInfoERS6_[_ZN29jir_refractive_image_geometry44point_on_inside_of_refractive_plane_analyticIN5Eigen6MatrixIdLi3ELi1ELi0ELi3ELi1EEEEEvRKNS1_10MatrixBaseIT_EERKN34jir_refractive_image_geometry_msgs20PlanarRefractionInfoERS6_]+0x128c): undefined reference to `gsl_poly_complex_workspace_alloc'
collect2: error: ld returned 1 exit status
gmake[2]: *** [CMakeFiles/triangulate.dir/build.make:257: triangulate] Error 1
gmake[1]: *** [CMakeFiles/Makefile2:167: CMakeFiles/triangulate.dir/all] Error 2
gmake: *** [Makefile:146: all] Error 2
