-- Found ament_cmake: 2.5.6 (/opt/ros/jazzy/share/ament_cmake/cmake)
-- Found rclcpp: 28.1.18 (/opt/ros/jazzy/share/rclcpp/cmake)
-- Found rosidl_generator_c: 4.6.7 (/opt/ros/jazzy/share/rosidl_generator_c/cmake)
-- Found rosidl_generator_cpp: 4.6.7 (/opt/ros/jazzy/share/rosidl_generator_cpp/cmake)
-- Using all available rosidl_typesupport_c: rosidl_typesupport_fastrtps_c;rosidl_typesupport_introspection_c
-- Using all available rosidl_typesupport_cpp: rosidl_typesupport_fastrtps_cpp;rosidl_typesupport_introspection_cpp
-- Found rmw_implementation_cmake: 7.3.3 (/opt/ros/jazzy/share/rmw_implementation_cmake/cmake)
-- Found rmw_fastrtps_cpp: 8.4.3 (/opt/ros/jazzy/share/rmw_fastrtps_cpp/cmake)
-- Using RMW implementation 'rmw_fastrtps_cpp' as default
-- Found rosbag2_cpp: 0.26.10 (/opt/ros/jazzy/share/rosbag2_cpp/cmake)
-- Setting yaml-cpp_DIR to: '/opt/ros/jazzy/share/yaml_cpp_vendor/cmake/../../../opt/yaml_cpp_vendor/share/cmake/yaml-cpp'
-- Found event_camera_msgs: 2.0.1 (/opt/ros/jazzy/share/event_camera_msgs/cmake)
-- Found event_camera_codecs: 3.0.0 (/opt/ros/jazzy/share/event_camera_codecs/cmake)
-- Found image_geometry: 4.1.0 (/opt/ros/jazzy/share/image_geometry/cmake)
[33mCMake Warning (dev) at /usr/lib/x86_64-linux-gnu/cmake/pcl/Modules/FindFLANN.cmake:45 (find_package):
  Policy CMP0144 is not set: find_package uses upper-case <PACKAGENAME>_ROOT
  variables.  Run "cmake --help-policy CMP0144" for policy details.  Use the
  cmake_policy command to set the policy and suppress this warning.

  CMake variable FLANN_ROOT is set to:

    /usr

  For compatibility, find_package is ignoring the variable, but code in a
  .cmake module might still use it.
Call Stack (most recent call first):
  /usr/lib/x86_64-linux-gnu/cmake/pcl/PCLConfig.cmake:261 (find_package)
  /usr/lib/x86_64-linux-gnu/cmake/pcl/PCLConfig.cmake:306 (find_flann)
  /usr/lib/x86_64-linux-gnu/cmake/pcl/PCLConfig.cmake:570 (find_external_library)
  CMakeLists.txt:66 (find_package)
This warning is for project developers.  Use -Wno-dev to suppress it.
[0m
-- Found flann version 1.9.2
-- OpenNI found (version: 1.5.4.0, include: /usr/include/ni, lib: /usr/lib/libOpenNI.so;libusb::libusb)
-- OpenNI2 found (version: 2.2.0.33, include: /usr/include/openni2, lib: /usr/lib/x86_64-linux-gnu/libOpenNI2.so;libusb::libusb)
[0m** WARNING ** io features related to pcap will be disabled[0m
-- Could NOT find Pcap (missing: PCAP_LIBRARIES PCAP_INCLUDE_DIRS) 
-- OpenNI found (version: 1.5.4.0, include: /usr/include/ni, lib: /usr/lib/libOpenNI.so;libusb::libusb)
-- OpenNI2 found (version: 2.2.0.33, include: /usr/include/openni2, lib: /usr/lib/x86_64-linux-gnu/libOpenNI2.so;libusb::libusb)
-- Found Qhull version 8.0.2
-- OpenNI found (version: 1.5.4.0, include: /usr/include/ni, lib: /usr/lib/libOpenNI.so;libusb::libusb)
-- looking for PCL_COMMON
-- looking for PCL_KDTREE
-- looking for PCL_OCTREE
-- looking for PCL_SEARCH
-- looking for PCL_SAMPLE_CONSENSUS
-- looking for PCL_FILTERS
-- looking for PCL_2D
-- looking for PCL_GEOMETRY
-- looking for PCL_IO
-- looking for PCL_FEATURES
-- looking for PCL_ML
-- looking for PCL_SEGMENTATION
-- looking for PCL_VISUALIZATION
-- looking for PCL_SURFACE
-- looking for PCL_REGISTRATION
-- looking for PCL_KEYPOINTS
-- looking for PCL_TRACKING
-- looking for PCL_RECOGNITION
-- looking for PCL_STEREO
-- looking for PCL_APPS
-- looking for PCL_IN_HAND_SCANNER
-- looking for PCL_MODELER
-- looking for PCL_POINT_CLOUD_EDITOR
-- looking for PCL_OUTOFCORE
-- looking for PCL_PEOPLE
-- Configuring done (2.5s)
-- Generating done (0.0s)
-- Build files have been written to: /home/ryan/Documents/MIRS/Thesis/3Dreconstruction/build/event_3d_reconstruction
[ 33%] Built target check_sync
[ 66%] Built target test_rec
[ 83%] [32m[1mLinking CXX executable triangulate[0m
/usr/bin/ld: CMakeFiles/triangulate.dir/src/triangulate.cpp.o: in function `void jir_refractive_image_geometry::point_on_inside_of_refractive_plane_analytic<Eigen::Matrix<double, 3, 1, 0, 3, 1> >(Eigen::MatrixBase<Eigen::Matrix<double, 3, 1, 0, 3, 1> > const&, jir_refractive_image_geometry_msgs::PlanarRefractionInfo const&, Eigen::MatrixBase<Eigen::Matrix<double, 3, 1, 0, 3, 1> >&)':
triangulate.cpp:(.text._ZN29jir_refractive_image_geometry44point_on_inside_of_refractive_plane_analyticIN5Eigen6MatrixIdLi3ELi1ELi0ELi3ELi1EEEEEvRKNS1_10MatrixBaseIT_EERKN34jir_refractive_image_geometry_msgs20PlanarRefractionInfoERS6_[_ZN29jir_refractive_image_geometry44point_on_inside_of_refractive_plane_analyticIN5Eigen6MatrixIdLi3ELi1ELi0ELi3ELi1EEEEEvRKNS1_10MatrixBaseIT_EERKN34jir_refractive_image_geometry_msgs20PlanarRefractionInfoERS6_]+0xa5d): undefined reference to `gsl_poly_complex_workspace_alloc'
/usr/bin/ld: triangulate.cpp:(.text._ZN29jir_refractive_image_geometry44point_on_inside_of_refractive_plane_analyticIN5Eigen6MatrixIdLi3ELi1ELi0ELi3ELi1EEEEEvRKNS1_10MatrixBaseIT_EERKN34jir_refractive_image_geometry_msgs20PlanarRefractionInfoERS6_[_ZN29jir_refractive_image_geometry44point_on_inside_of_refractive_plane_analyticIN5Eigen6MatrixIdLi3ELi1ELi0ELi3ELi1EEEEEvRKNS1_10MatrixBaseIT_EERKN34jir_refractive_image_geometry_msgs20PlanarRefractionInfoERS6_]+0xad2): undefined reference to `gsl_poly_complex_solve'
/usr/bin/ld: triangulate.cpp:(.text._ZN29jir_refractive_image_geometry44point_on_inside_of_refractive_plane_analyticIN5Eigen6MatrixIdLi3ELi1ELi0ELi3ELi1EEEEEvRKNS1_10MatrixBaseIT_EERKN34jir_refractive_image_geometry_msgs20PlanarRefractionInfoERS6_[_ZN29jir_refractive_image_geometry44point_on_inside_of_refractive_plane_analyticIN5Eigen6MatrixIdLi3ELi1ELi0ELi3ELi1EEEEEvRKNS1_10MatrixBaseIT_EERKN34jir_refractive_image_geometry_msgs20PlanarRefractionInfoERS6_]+0xada): undefined reference to `gsl_poly_complex_workspace_free'
/usr/bin/ld: triangulate.cpp:(.text._ZN29jir_refractive_image_geometry44point_on_inside_of_refractive_plane_analyticIN5Eigen6MatrixIdLi3ELi1ELi0ELi3ELi1EEEEEvRKNS1_10MatrixBaseIT_EERKN34jir_refractive_image_geometry_msgs20PlanarRefractionInfoERS6_[_ZN29jir_refractive_image_geometry44point_on_inside_of_refractive_plane_analyticIN5Eigen6MatrixIdLi3ELi1ELi0ELi3ELi1EEEEEvRKNS1_10MatrixBaseIT_EERKN34jir_refractive_image_geometry_msgs20PlanarRefractionInfoERS6_]+0x128c): undefined reference to `gsl_poly_complex_workspace_alloc'
collect2: error: ld returned 1 exit status
gmake[2]: *** [CMakeFiles/triangulate.dir/build.make:257: triangulate] Error 1
gmake[1]: *** [CMakeFiles/Makefile2:167: CMakeFiles/triangulate.dir/all] Error 2
gmake: *** [Makefile:146: all] Error 2
