[0.011s] Invoking command in '/home/ryan/Documents/MIRS/Thesis/3Dreconstruction/build/event_3d_reconstruction': CMAKE_PREFIX_PATH=${CMAKE_PREFIX_PATH}:/opt/ros/jazzy:/home/ryan/workshop_ws/install/easynav_common:/home/ryan/workshop_ws/install/easynav_tools:/home/ryan/workshop_ws/install/easynav_support_py DEBUGINFOD_URLS=https://debuginfod.ubuntu.com /usr/bin/cmake --build /home/ryan/Documents/MIRS/Thesis/3Dreconstruction/build/event_3d_reconstruction -- -j16 -l16
[0.063s] [ 33%] Built target check_sync
[0.074s] [ 50%] [32mBuilding CXX object CMakeFiles/triangulate.dir/src/triangulate.cpp.o[0m
[0.074s] [ 66%] [32mBuilding CXX object CMakeFiles/test_rec.dir/src/test_rec.cpp.o[0m
[2.666s] [01m[K/home/ryan/Documents/MIRS/Thesis/3Dreconstruction/src/src/triangulate.cpp:[m[K In function ‘[01m[Kint[01;32m[K main[m[K(int, char**)[m[K’:
[2.666s] [01m[K/home/ryan/Documents/MIRS/Thesis/3Dreconstruction/src/src/triangulate.cpp:311:21:[m[K [01;31m[Kerror: [m[K‘[01m[Kdbg_epi_pass[m[K’ was not declared in this scope; did you mean ‘[01m[Kglobal_epi_pass[m[K’?
[2.666s]   311 |                     [01;31m[Kdbg_epi_pass[m[K++;
[2.666s]       |                     [01;31m[K^~~~~~~~~~~~[m[K
[2.666s]       |                     [32m[Kglobal_epi_pass[m[K
[2.670s] [01m[K/home/ryan/Documents/MIRS/Thesis/3Dreconstruction/src/src/triangulate.cpp:312:21:[m[K [01;31m[Kerror: [m[K‘[01m[Kdbg_disp_pass[m[K’ was not declared in this scope; did you mean ‘[01m[Kglobal_disp_pass[m[K’?
[2.670s]   312 |                     [01;31m[Kdbg_disp_pass[m[K++;
[2.671s]       |                     [01;31m[K^~~~~~~~~~~~~[m[K
[2.671s]       |                     [32m[Kglobal_disp_pass[m[K
[3.908s] gmake[2]: *** [CMakeFiles/triangulate.dir/build.make:76: CMakeFiles/triangulate.dir/src/triangulate.cpp.o] Error 1
[3.908s] gmake[1]: *** [CMakeFiles/Makefile2:167: CMakeFiles/triangulate.dir/all] Error 2
[3.908s] gmake[1]: *** Waiting for unfinished jobs....
[6.161s] [ 83%] [32m[1mLinking CXX executable test_rec[0m
[6.558s] [ 83%] Built target test_rec
[6.559s] gmake: *** [Makefile:146: all] Error 2
[6.561s] Invoked command in '/home/ryan/Documents/MIRS/Thesis/3Dreconstruction/build/event_3d_reconstruction' returned '2': CMAKE_PREFIX_PATH=${CMAKE_PREFIX_PATH}:/opt/ros/jazzy:/home/ryan/workshop_ws/install/easynav_common:/home/ryan/workshop_ws/install/easynav_tools:/home/ryan/workshop_ws/install/easynav_support_py DEBUGINFOD_URLS=https://debuginfod.ubuntu.com /usr/bin/cmake --build /home/ryan/Documents/MIRS/Thesis/3Dreconstruction/build/event_3d_reconstruction -- -j16 -l16
