[0.010s] Invoking command in '/home/ryan/Documents/MIRS/Thesis/3Dreconstruction/build/event_3d_reconstruction': CMAKE_PREFIX_PATH=${CMAKE_PREFIX_PATH}:/opt/ros/jazzy:/home/ryan/workshop_ws/install/easynav_common:/home/ryan/workshop_ws/install/easynav_tools:/home/ryan/workshop_ws/install/easynav_support_py DEBUGINFOD_URLS=https://debuginfod.ubuntu.com /usr/bin/cmake /home/ryan/Documents/MIRS/Thesis/3Dreconstruction/src -DCMAKE_INSTALL_PREFIX=/home/ryan/Documents/MIRS/Thesis/3Dreconstruction/install/event_3d_reconstruction
[0.105s] -- The C compiler identification is GNU 13.3.0
[0.148s] -- The CXX compiler identification is GNU 13.3.0
[0.165s] -- Detecting C compiler ABI info
[0.243s] -- Detecting C compiler ABI info - done
[0.249s] -- Check for working C compiler: /usr/bin/cc - skipped
[0.250s] -- Detecting C compile features
[0.250s] -- Detecting C compile features - done
[0.259s] -- Detecting CXX compiler ABI info
[0.347s] -- Detecting CXX compiler ABI info - done
[0.354s] -- Check for working CXX compiler: /usr/bin/c++ - skipped
[0.354s] -- Detecting CXX compile features
[0.354s] -- Detecting CXX compile features - done
[0.360s] -- Found ament_cmake: 2.5.6 (/opt/ros/jazzy/share/ament_cmake/cmake)
[0.497s] -- Found Python3: /usr/bin/python3 (found version "3.12.3") found components: Interpreter 
[0.637s] -- Found rclcpp: 28.1.18 (/opt/ros/jazzy/share/rclcpp/cmake)
[0.686s] -- Found rosidl_generator_c: 4.6.7 (/opt/ros/jazzy/share/rosidl_generator_c/cmake)
[0.702s] -- Found rosidl_generator_cpp: 4.6.7 (/opt/ros/jazzy/share/rosidl_generator_cpp/cmake)
[0.723s] -- Using all available rosidl_typesupport_c: rosidl_typesupport_fastrtps_c;rosidl_typesupport_introspection_c
[0.744s] -- Using all available rosidl_typesupport_cpp: rosidl_typesupport_fastrtps_cpp;rosidl_typesupport_introspection_cpp
[0.823s] -- Found rmw_implementation_cmake: 7.3.3 (/opt/ros/jazzy/share/rmw_implementation_cmake/cmake)
[0.829s] -- Found rmw_fastrtps_cpp: 8.4.3 (/opt/ros/jazzy/share/rmw_fastrtps_cpp/cmake)
[0.934s] -- Found OpenSSL: /usr/lib/x86_64-linux-gnu/libcrypto.so (found version "3.0.13")  
[0.951s] -- Found FastRTPS: /opt/ros/jazzy/include (Required is at least version "2.13") 
[0.971s] -- Using RMW implementation 'rmw_fastrtps_cpp' as default
[1.047s] -- Found rosbag2_cpp: 0.26.10 (/opt/ros/jazzy/share/rosbag2_cpp/cmake)
[1.100s] -- Setting yaml-cpp_DIR to: '/opt/ros/jazzy/share/yaml_cpp_vendor/cmake/../../../opt/yaml_cpp_vendor/share/cmake/yaml-cpp'
[1.104s] -- Found event_camera_msgs: 2.0.1 (/opt/ros/jazzy/share/event_camera_msgs/cmake)
[1.137s] -- Found event_camera_codecs: 3.0.0 (/opt/ros/jazzy/share/event_camera_codecs/cmake)
[1.143s] -- Found image_geometry: 4.1.0 (/opt/ros/jazzy/share/image_geometry/cmake)
[1.194s] -- Found OpenCV: /usr (found version "4.6.0") 
[1.198s] -- Found nlohmann_json: /usr/share/cmake/nlohmann_json/nlohmann_jsonConfig.cmake (found version "3.11.3") 
[1.253s] -- Found Boost: /usr/lib/x86_64-linux-gnu/cmake/Boost-1.83.0/BoostConfig.cmake (found suitable version "1.83.0", minimum required is "1.65.0") found components: system filesystem iostreams serialization 
[1.255s] [33mCMake Warning (dev) at /usr/lib/x86_64-linux-gnu/cmake/pcl/Modules/FindFLANN.cmake:45 (find_package):
[1.255s]   Policy CMP0144 is not set: find_package uses upper-case <PACKAGENAME>_ROOT
[1.255s]   variables.  Run "cmake --help-policy CMP0144" for policy details.  Use the
[1.255s]   cmake_policy command to set the policy and suppress this warning.
[1.255s] 
[1.255s]   CMake variable FLANN_ROOT is set to:
[1.255s] 
[1.255s]     /usr
[1.255s] 
[1.255s]   For compatibility, find_package is ignoring the variable, but code in a
[1.255s]   .cmake module might still use it.
[1.255s] Call Stack (most recent call first):
[1.255s]   /usr/lib/x86_64-linux-gnu/cmake/pcl/PCLConfig.cmake:261 (find_package)
[1.255s]   /usr/lib/x86_64-linux-gnu/cmake/pcl/PCLConfig.cmake:306 (find_flann)
[1.255s]   /usr/lib/x86_64-linux-gnu/cmake/pcl/PCLConfig.cmake:570 (find_external_library)
[1.255s]   CMakeLists.txt:63 (find_package)
[1.255s] This warning is for project developers.  Use -Wno-dev to suppress it.
[1.255s] [0m
[1.256s] -- Found flann version 1.9.2
[1.533s] -- Found OpenMP_CXX: -fopenmp (found version "4.5") 
[1.533s] -- Found OpenMP: TRUE (found version "4.5") found components: CXX 
[1.565s] -- Performing Test CMAKE_HAVE_LIBC_PTHREAD
[1.649s] -- Performing Test CMAKE_HAVE_LIBC_PTHREAD - Success
[1.650s] -- Found Threads: TRUE  
[1.653s] -- Found GLEW: /usr/lib/x86_64-linux-gnu/libGLEW.so  
[1.662s] -- Found OpenGL: /usr/lib/x86_64-linux-gnu/libOpenGL.so  found components: OpenGL GLX 
[1.823s] -- Found MPI_C: /usr/lib/x86_64-linux-gnu/libmpi.so (found version "3.1") 
[1.823s] -- Found MPI: TRUE (found version "3.1") found components: C 
[1.826s] -- Found JsonCpp: /usr/lib/x86_64-linux-gnu/libjsoncpp.so (found suitable version "1.9.5", minimum required is "0.7.0") 
[1.841s] -- Found ZLIB: /usr/lib/x86_64-linux-gnu/libz.so (found version "1.3")  
[1.860s] -- Found PNG: /usr/lib/x86_64-linux-gnu/libpng.so (found version "1.6.43") 
[1.874s] -- Found Eigen3: /usr/include/eigen3 (found version "3.4.0") 
[2.037s] -- Found X11: /usr/include   
[2.038s] -- Looking for XOpenDisplay in /usr/lib/x86_64-linux-gnu/libX11.so;/usr/lib/x86_64-linux-gnu/libXext.so
[2.122s] -- Looking for XOpenDisplay in /usr/lib/x86_64-linux-gnu/libX11.so;/usr/lib/x86_64-linux-gnu/libXext.so - found
[2.122s] -- Looking for gethostbyname
[2.192s] -- Looking for gethostbyname - found
[2.192s] -- Looking for connect
[2.269s] -- Looking for connect - found
[2.269s] -- Looking for remove
[2.341s] -- Looking for remove - found
[2.341s] -- Looking for shmat
[2.416s] -- Looking for shmat - found
[2.416s] -- Looking for IceConnectionNumber in ICE
[2.492s] -- Looking for IceConnectionNumber in ICE - found
[2.632s] -- Found EXPAT: /usr/lib/x86_64-linux-gnu/libexpat.so (found version "2.6.1") 
[2.634s] -- Found double-conversion: /usr/lib/x86_64-linux-gnu/libdouble-conversion.so  
[2.637s] -- Found LZ4: /usr/lib/x86_64-linux-gnu/liblz4.so (found version "1.9.4") 
[2.639s] -- Found LZMA: /usr/lib/x86_64-linux-gnu/liblzma.so (found version "5.4.5") 
[2.650s] -- Found JPEG: /usr/lib/x86_64-linux-gnu/libjpeg.so (found version "80") 
[2.666s] -- Found TIFF: /usr/lib/x86_64-linux-gnu/libtiff.so (found version "4.5.1")  
[2.669s] -- Found Freetype: /usr/lib/x86_64-linux-gnu/libfreetype.so (found version "2.13.2") 
[2.674s] -- Found utf8cpp: /usr/include/utf8cpp  
[2.763s] -- Checking for module 'libusb-1.0'
[2.781s] --   Found libusb-1.0, version 1.0.27
[2.815s] -- Found libusb: /usr/lib/x86_64-linux-gnu/libusb-1.0.so  
[2.817s] -- Found OpenNI: /usr/lib/libOpenNI.so;libusb::libusb (found version "1.5.4.0") 
[2.817s] -- OpenNI found (version: 1.5.4.0, include: /usr/include/ni, lib: /usr/lib/libOpenNI.so;libusb::libusb)
[2.876s] -- Found OpenNI2: /usr/lib/x86_64-linux-gnu/libOpenNI2.so;libusb::libusb (found version "2.2.0.33") 
[2.876s] -- OpenNI2 found (version: 2.2.0.33, include: /usr/include/openni2, lib: /usr/lib/x86_64-linux-gnu/libOpenNI2.so;libusb::libusb)
[2.879s] -- Could NOT find Pcap (missing: PCAP_LIBRARIES PCAP_INCLUDE_DIRS) 
[2.879s] [0m** WARNING ** io features related to pcap will be disabled[0m
[3.312s] -- OpenNI found (version: 1.5.4.0, include: /usr/include/ni, lib: /usr/lib/libOpenNI.so;libusb::libusb)
[3.318s] -- OpenNI2 found (version: 2.2.0.33, include: /usr/include/openni2, lib: /usr/lib/x86_64-linux-gnu/libOpenNI2.so;libusb::libusb)
[3.699s] -- Found Qhull version 8.0.2
[4.101s] -- OpenNI found (version: 1.5.4.0, include: /usr/include/ni, lib: /usr/lib/libOpenNI.so;libusb::libusb)
[4.494s] -- looking for PCL_COMMON
[4.495s] -- Found PCL_COMMON: /usr/lib/x86_64-linux-gnu/libpcl_common.so  
[4.495s] -- looking for PCL_KDTREE
[4.496s] -- Found PCL_KDTREE: /usr/lib/x86_64-linux-gnu/libpcl_kdtree.so  
[4.496s] -- looking for PCL_OCTREE
[4.497s] -- Found PCL_OCTREE: /usr/lib/x86_64-linux-gnu/libpcl_octree.so  
[4.497s] -- looking for PCL_SEARCH
[4.497s] -- Found PCL_SEARCH: /usr/lib/x86_64-linux-gnu/libpcl_search.so  
[4.497s] -- looking for PCL_SAMPLE_CONSENSUS
[4.498s] -- Found PCL_SAMPLE_CONSENSUS: /usr/lib/x86_64-linux-gnu/libpcl_sample_consensus.so  
[4.498s] -- looking for PCL_FILTERS
[4.499s] -- Found PCL_FILTERS: /usr/lib/x86_64-linux-gnu/libpcl_filters.so  
[4.499s] -- looking for PCL_2D
[4.499s] -- Found PCL_2D: /usr/include/pcl-1.14  
[4.499s] -- looking for PCL_GEOMETRY
[4.499s] -- Found PCL_GEOMETRY: /usr/include/pcl-1.14  
[4.499s] -- looking for PCL_IO
[4.500s] -- Found PCL_IO: /usr/lib/x86_64-linux-gnu/libpcl_io.so  
[4.500s] -- looking for PCL_FEATURES
[4.501s] -- Found PCL_FEATURES: /usr/lib/x86_64-linux-gnu/libpcl_features.so  
[4.501s] -- looking for PCL_ML
[4.502s] -- Found PCL_ML: /usr/lib/x86_64-linux-gnu/libpcl_ml.so  
[4.502s] -- looking for PCL_SEGMENTATION
[4.503s] -- Found PCL_SEGMENTATION: /usr/lib/x86_64-linux-gnu/libpcl_segmentation.so  
[4.503s] -- looking for PCL_VISUALIZATION
[4.503s] -- Found PCL_VISUALIZATION: /usr/lib/x86_64-linux-gnu/libpcl_visualization.so  
[4.504s] -- looking for PCL_SURFACE
[4.504s] -- Found PCL_SURFACE: /usr/lib/x86_64-linux-gnu/libpcl_surface.so  
[4.505s] -- looking for PCL_REGISTRATION
[4.505s] -- Found PCL_REGISTRATION: /usr/lib/x86_64-linux-gnu/libpcl_registration.so  
[4.506s] -- looking for PCL_KEYPOINTS
[4.506s] -- Found PCL_KEYPOINTS: /usr/lib/x86_64-linux-gnu/libpcl_keypoints.so  
[4.506s] -- looking for PCL_TRACKING
[4.507s] -- Found PCL_TRACKING: /usr/lib/x86_64-linux-gnu/libpcl_tracking.so  
[4.507s] -- looking for PCL_RECOGNITION
[4.508s] -- Found PCL_RECOGNITION: /usr/lib/x86_64-linux-gnu/libpcl_recognition.so  
[4.508s] -- looking for PCL_STEREO
[4.509s] -- Found PCL_STEREO: /usr/lib/x86_64-linux-gnu/libpcl_stereo.so  
[4.509s] -- looking for PCL_APPS
[4.510s] -- Found PCL_APPS: /usr/lib/x86_64-linux-gnu/libpcl_apps.so  
[4.510s] -- looking for PCL_IN_HAND_SCANNER
[4.510s] -- Found PCL_IN_HAND_SCANNER: /usr/include/pcl-1.14  
[4.510s] -- looking for PCL_MODELER
[4.511s] -- Found PCL_MODELER: /usr/include/pcl-1.14  
[4.511s] -- looking for PCL_POINT_CLOUD_EDITOR
[4.511s] -- Found PCL_POINT_CLOUD_EDITOR: /usr/include/pcl-1.14  
[4.511s] -- looking for PCL_OUTOFCORE
[4.512s] -- Found PCL_OUTOFCORE: /usr/lib/x86_64-linux-gnu/libpcl_outofcore.so  
[4.512s] -- looking for PCL_PEOPLE
[4.513s] -- Found PCL_PEOPLE: /usr/lib/x86_64-linux-gnu/libpcl_people.so  
[4.513s] -- Found PCL: pcl_common;pcl_kdtree;pcl_octree;pcl_search;pcl_sample_consensus;pcl_filters;pcl_io;pcl_features;pcl_ml;pcl_segmentation;pcl_visualization;pcl_surface;pcl_registration;pcl_keypoints;pcl_tracking;pcl_recognition;pcl_stereo;pcl_apps;pcl_outofcore;pcl_people;Boost::system;Boost::filesystem;Boost::iostreams;Boost::serialization;/usr/lib/libOpenNI.so;libusb::libusb;/usr/lib/x86_64-linux-gnu/libOpenNI2.so;libusb::libusb;VTK::ChartsCore;VTK::CommonColor;VTK::CommonComputationalGeometry;VTK::CommonCore;VTK::CommonDataModel;VTK::CommonExecutionModel;VTK::CommonMath;VTK::CommonMisc;VTK::CommonTransforms;VTK::FiltersCore;VTK::FiltersExtraction;VTK::FiltersGeneral;VTK::FiltersGeometry;VTK::FiltersModeling;VTK::FiltersSources;VTK::ImagingCore;VTK::ImagingSources;VTK::InteractionImage;VTK::InteractionStyle;VTK::InteractionWidgets;VTK::IOCore;VTK::IOGeometry;VTK::IOImage;VTK::IOLegacy;VTK::IOPLY;VTK::RenderingAnnotation;VTK::RenderingCore;VTK::RenderingContext2D;VTK::RenderingLOD;VTK::RenderingFreeType;VTK::ViewsCore;VTK::ViewsContext2D;VTK::RenderingOpenGL2;VTK::RenderingContextOpenGL2;VTK::GUISupportQt;FLANN::FLANN;QHULL::QHULL  
[4.582s] -- Configuring done (4.6s)
[4.608s] -- Generating done (0.0s)
[4.614s] -- Build files have been written to: /home/ryan/Documents/MIRS/Thesis/3Dreconstruction/build/event_3d_reconstruction
[4.630s] Invoked command in '/home/ryan/Documents/MIRS/Thesis/3Dreconstruction/build/event_3d_reconstruction' returned '0': CMAKE_PREFIX_PATH=${CMAKE_PREFIX_PATH}:/opt/ros/jazzy:/home/ryan/workshop_ws/install/easynav_common:/home/ryan/workshop_ws/install/easynav_tools:/home/ryan/workshop_ws/install/easynav_support_py DEBUGINFOD_URLS=https://debuginfod.ubuntu.com /usr/bin/cmake /home/ryan/Documents/MIRS/Thesis/3Dreconstruction/src -DCMAKE_INSTALL_PREFIX=/home/ryan/Documents/MIRS/Thesis/3Dreconstruction/install/event_3d_reconstruction
[4.632s] Invoking command in '/home/ryan/Documents/MIRS/Thesis/3Dreconstruction/build/event_3d_reconstruction': CMAKE_PREFIX_PATH=${CMAKE_PREFIX_PATH}:/opt/ros/jazzy:/home/ryan/workshop_ws/install/easynav_common:/home/ryan/workshop_ws/install/easynav_tools:/home/ryan/workshop_ws/install/easynav_support_py DEBUGINFOD_URLS=https://debuginfod.ubuntu.com /usr/bin/cmake --build /home/ryan/Documents/MIRS/Thesis/3Dreconstruction/build/event_3d_reconstruction -- -j16 -l16
[4.694s] [ 16%] [32mBuilding CXX object CMakeFiles/check_sync.dir/src/check_sync.cpp.o[0m
[4.695s] [ 33%] [32mBuilding CXX object CMakeFiles/test_rec.dir/src/test_rec.cpp.o[0m
[4.696s] [ 50%] [32mBuilding CXX object CMakeFiles/triangulate.dir/src/triangulate.cpp.o[0m
[6.361s] [01m[K/home/ryan/Documents/MIRS/Thesis/3Dreconstruction/src/src/check_sync.cpp:[m[K In function ‘[01m[Kint[01;32m[K main[m[K(int, char**)[m[K’:
[6.361s] [01m[K/home/ryan/Documents/MIRS/Thesis/3Dreconstruction/src/src/check_sync.cpp:68:36:[m[K [01;35m[Kwarning: [m[Kvariable ‘[01m[Klatest_ros_master[m[K’ set but not used [[01;35m[K]8;;https://gcc.gnu.org/onlinedocs/gcc/Warning-Options.html#index-Wunused-but-set-variable-Wunused-but-set-variable]8;;[m[K]
[6.361s]    68 |     uint64_t first_ros_master = 0, [01;35m[Klatest_ros_master[m[K = 0;
[6.361s]       |                                    [01;35m[K^~~~~~~~~~~~~~~~~[m[K
[6.361s] [01m[K/home/ryan/Documents/MIRS/Thesis/3Dreconstruction/src/src/check_sync.cpp:69:35:[m[K [01;35m[Kwarning: [m[Kvariable ‘[01m[Klatest_ros_slave[m[K’ set but not used [[01;35m[K]8;;https://gcc.gnu.org/onlinedocs/gcc/Warning-Options.html#index-Wunused-but-set-variable-Wunused-but-set-variable]8;;[m[K]
[6.361s]    69 |     uint64_t first_ros_slave = 0, [01;35m[Klatest_ros_slave[m[K = 0;
[6.361s]       |                                   [01;35m[K^~~~~~~~~~~~~~~~[m[K
[7.639s] [ 66%] [32m[1mLinking CXX executable check_sync[0m
[7.767s] [ 66%] Built target check_sync
[7.953s] [01m[K/home/ryan/Documents/MIRS/Thesis/3Dreconstruction/src/src/triangulate.cpp:[m[K In function ‘[01m[Kint[01;32m[K main[m[K(int, char**)[m[K’:
[7.953s] [01m[K/home/ryan/Documents/MIRS/Thesis/3Dreconstruction/src/src/triangulate.cpp:210:39:[m[K [01;31m[Kerror: [m[K‘[01m[Kcv::Mat EventRectifier::rvec[m[K’ is private within this context
[7.953s]   210 |         cv::Rodrigues(event_rectifier.[01;31m[Krvec[m[K, R_stereo);
[7.953s]       |                                       [01;31m[K^~~~[m[K
[7.953s] In file included from [01m[K/home/ryan/Documents/MIRS/Thesis/3Dreconstruction/src/src/triangulate.cpp:26[m[K:
[7.953s] [01m[K/home/ryan/Documents/MIRS/Thesis/3Dreconstruction/src/include/rectification.hpp:16:29:[m[K [01;36m[Knote: [m[Kdeclared private here
[7.953s]    16 |     cv::Mat K1, D1, K2, D2, [01;36m[Krvec[m[K, tvec;
[7.953s]       |                             [01;36m[K^~~~[m[K
[7.953s] [01m[K/home/ryan/Documents/MIRS/Thesis/3Dreconstruction/src/src/triangulate.cpp:212:43:[m[K [01;31m[Kerror: [m[K‘[01m[Kcv::Mat EventRectifier::K1[m[K’ is private within this context
[7.953s]   212 |         cv::stereoRectify(event_rectifier.[01;31m[KK1[m[K, event_rectifier.D1, event_rectifier.K2, event_rectifier.D2, Size(W, H),
[7.953s]       |                                           [01;31m[K^~[m[K
[7.953s] [01m[K/home/ryan/Documents/MIRS/Thesis/3Dreconstruction/src/include/rectification.hpp:16:13:[m[K [01;36m[Knote: [m[Kdeclared private here
[7.953s]    16 |     cv::Mat [01;36m[KK1[m[K, D1, K2, D2, rvec, tvec;
[7.954s]       |             [01;36m[K^~[m[K
[7.954s] [01m[K/home/ryan/Documents/MIRS/Thesis/3Dreconstruction/src/src/triangulate.cpp:212:63:[m[K [01;31m[Kerror: [m[K‘[01m[Kcv::Mat EventRectifier::D1[m[K’ is private within this context
[7.954s]   212 |         cv::stereoRectify(event_rectifier.K1, event_rectifier.[01;31m[KD1[m[K, event_rectifier.K2, event_rectifier.D2, Size(W, H),
[7.954s]       |                                                               [01;31m[K^~[m[K
[7.954s] [01m[K/home/ryan/Documents/MIRS/Thesis/3Dreconstruction/src/include/rectification.hpp:16:17:[m[K [01;36m[Knote: [m[Kdeclared private here
[7.954s]    16 |     cv::Mat K1, [01;36m[KD1[m[K, K2, D2, rvec, tvec;
[7.954s]       |                 [01;36m[K^~[m[K
[7.954s] [01m[K/home/ryan/Documents/MIRS/Thesis/3Dreconstruction/src/src/triangulate.cpp:212:83:[m[K [01;31m[Kerror: [m[K‘[01m[Kcv::Mat EventRectifier::K2[m[K’ is private within this context
[7.954s]   212 |         cv::stereoRectify(event_rectifier.K1, event_rectifier.D1, event_rectifier.[01;31m[KK2[m[K, event_rectifier.D2, Size(W, H),
[7.954s]       |                                                                                   [01;31m[K^~[m[K
[7.954s] [01m[K/home/ryan/Documents/MIRS/Thesis/3Dreconstruction/src/include/rectification.hpp:16:21:[m[K [01;36m[Knote: [m[Kdeclared private here
[7.954s]    16 |     cv::Mat K1, D1, [01;36m[KK2[m[K, D2, rvec, tvec;
[7.954s]       |                     [01;36m[K^~[m[K
[7.954s] [01m[K/home/ryan/Documents/MIRS/Thesis/3Dreconstruction/src/src/triangulate.cpp:212:103:[m[K [01;31m[Kerror: [m[K‘[01m[Kcv::Mat EventRectifier::D2[m[K’ is private within this context
[7.954s]   212 |         cv::stereoRectify(event_rectifier.K1, event_rectifier.D1, event_rectifier.K2, event_rectifier.[01;31m[KD2[m[K, Size(W, H),
[7.954s]       |                                                                                                       [01;31m[K^~[m[K
[7.955s] [01m[K/home/ryan/Documents/MIRS/Thesis/3Dreconstruction/src/include/rectification.hpp:16:25:[m[K [01;36m[Knote: [m[Kdeclared private here
[7.955s]    16 |     cv::Mat K1, D1, K2, [01;36m[KD2[m[K, rvec, tvec;
[7.955s]       |                         [01;36m[K^~[m[K
[7.955s] [01m[K/home/ryan/Documents/MIRS/Thesis/3Dreconstruction/src/src/triangulate.cpp:213:53:[m[K [01;31m[Kerror: [m[K‘[01m[Kcv::Mat EventRectifier::tvec[m[K’ is private within this context
[7.955s]   213 |                           R_stereo, event_rectifier.[01;31m[Ktvec[m[K, R1, R2, P1_rect, P2_rect, Q, CALIB_ZERO_DISPARITY, 0.0);
[7.955s]       |                                                     [01;31m[K^~~~[m[K
[7.955s] [01m[K/home/ryan/Documents/MIRS/Thesis/3Dreconstruction/src/include/rectification.hpp:16:35:[m[K [01;36m[Knote: [m[Kdeclared private here
[7.955s]    16 |     cv::Mat K1, D1, K2, D2, rvec, [01;36m[Ktvec[m[K;
[7.955s]       |                                   [01;36m[K^~~~[m[K
[7.955s] [01m[K/home/ryan/Documents/MIRS/Thesis/3Dreconstruction/src/src/triangulate.cpp:225:64:[m[K [01;31m[Kerror: [m[K‘[01m[Kcv::Mat EventRectifier::K1[m[K’ is private within this context
[7.955s]   225 |         build_refractive_stereo_LUT(K_virtual, event_rectifier.[01;31m[KK1[m[K, event_rectifier.D1, R_left_eig, glass_L, TARGET_DIST, pull_x_m, pull_y_m, W, H);
[7.955s]       |                                                                [01;31m[K^~[m[K
[7.955s] [01m[K/home/ryan/Documents/MIRS/Thesis/3Dreconstruction/src/include/rectification.hpp:16:13:[m[K [01;36m[Knote: [m[Kdeclared private here
[7.955s]    16 |     cv::Mat [01;36m[KK1[m[K, D1, K2, D2, rvec, tvec;
[7.955s]       |             [01;36m[K^~[m[K
[7.955s] [01m[K/home/ryan/Documents/MIRS/Thesis/3Dreconstruction/src/src/triangulate.cpp:225:84:[m[K [01;31m[Kerror: [m[K‘[01m[Kcv::Mat EventRectifier::D1[m[K’ is private within this context
[7.955s]   225 |         build_refractive_stereo_LUT(K_virtual, event_rectifier.K1, event_rectifier.[01;31m[KD1[m[K, R_left_eig, glass_L, TARGET_DIST, pull_x_m, pull_y_m, W, H);
[7.955s]       |                                                                                    [01;31m[K^~[m[K
[7.955s] [01m[K/home/ryan/Documents/MIRS/Thesis/3Dreconstruction/src/include/rectification.hpp:16:17:[m[K [01;36m[Knote: [m[Kdeclared private here
[7.955s]    16 |     cv::Mat K1, [01;36m[KD1[m[K, K2, D2, rvec, tvec;
[7.955s]       |                 [01;36m[K^~[m[K
[7.955s] [01m[K/home/ryan/Documents/MIRS/Thesis/3Dreconstruction/src/src/triangulate.cpp:226:64:[m[K [01;31m[Kerror: [m[K‘[01m[Kcv::Mat EventRectifier::K2[m[K’ is private within this context
[7.955s]   226 |         build_refractive_stereo_LUT(K_virtual, event_rectifier.[01;31m[KK2[m[K, event_rectifier.D2, R_right_eig, glass_R, TARGET_DIST, pull_x_s, pull_y_s, W, H);
[7.955s]       |                                                                [01;31m[K^~[m[K
[7.956s] [01m[K/home/ryan/Documents/MIRS/Thesis/3Dreconstruction/src/include/rectification.hpp:16:21:[m[K [01;36m[Knote: [m[Kdeclared private here
[7.956s]    16 |     cv::Mat K1, D1, [01;36m[KK2[m[K, D2, rvec, tvec;
[7.956s]       |                     [01;36m[K^~[m[K
[7.956s] [01m[K/home/ryan/Documents/MIRS/Thesis/3Dreconstruction/src/src/triangulate.cpp:226:84:[m[K [01;31m[Kerror: [m[K‘[01m[Kcv::Mat EventRectifier::D2[m[K’ is private within this context
[7.956s]   226 |         build_refractive_stereo_LUT(K_virtual, event_rectifier.K2, event_rectifier.[01;31m[KD2[m[K, R_right_eig, glass_R, TARGET_DIST, pull_x_s, pull_y_s, W, H);
[7.956s]       |                                                                                    [01;31m[K^~[m[K
[7.956s] [01m[K/home/ryan/Documents/MIRS/Thesis/3Dreconstruction/src/include/rectification.hpp:16:25:[m[K [01;36m[Knote: [m[Kdeclared private here
[7.956s]    16 |     cv::Mat K1, D1, K2, [01;36m[KD2[m[K, rvec, tvec;
[7.956s]       |                         [01;36m[K^~[m[K
[7.956s] [01m[K/home/ryan/Documents/MIRS/Thesis/3Dreconstruction/src/src/triangulate.cpp:229:25:[m[K [01;31m[Kerror: [m[K‘[01m[Kclass EventRectifier[m[K’ has no member named ‘[01m[KsetDynamicLUT[m[K’
[7.956s]   229 |         event_rectifier.[01;31m[KsetDynamicLUT[m[K(pull_x_m, pull_y_m, pull_x_s, pull_y_s);
[7.956s]       |                         [01;31m[K^~~~~~~~~~~~~[m[K
[9.722s] gmake[2]: *** [CMakeFiles/triangulate.dir/build.make:76: CMakeFiles/triangulate.dir/src/triangulate.cpp.o] Error 1
[9.722s] gmake[1]: *** [CMakeFiles/Makefile2:167: CMakeFiles/triangulate.dir/all] Error 2
[9.722s] gmake[1]: *** Waiting for unfinished jobs....
[10.704s] [ 83%] [32m[1mLinking CXX executable test_rec[0m
[11.110s] [ 83%] Built target test_rec
[11.112s] gmake: *** [Makefile:146: all] Error 2
[11.114s] Invoked command in '/home/ryan/Documents/MIRS/Thesis/3Dreconstruction/build/event_3d_reconstruction' returned '2': CMAKE_PREFIX_PATH=${CMAKE_PREFIX_PATH}:/opt/ros/jazzy:/home/ryan/workshop_ws/install/easynav_common:/home/ryan/workshop_ws/install/easynav_tools:/home/ryan/workshop_ws/install/easynav_support_py DEBUGINFOD_URLS=https://debuginfod.ubuntu.com /usr/bin/cmake --build /home/ryan/Documents/MIRS/Thesis/3Dreconstruction/build/event_3d_reconstruction -- -j16 -l16
